<!DOCTYPE html>

<html>
  <head>
  <meta charset='utf-8'>
  <title>TestNG reports</title>

    <link type="text/css" href="testng-reports.css" rel="stylesheet" />
    <script type="text/javascript" src="jquery-1.7.1.min.js"></script>
    <script type="text/javascript" src="testng-reports.js"></script>
    <script type="text/javascript" src="https://www.google.com/jsapi"></script>
    <script type='text/javascript'>
      google.load('visualization', '1', {packages:['table']});
      google.setOnLoadCallback(drawTable);
      var suiteTableInitFunctions = new Array();
      var suiteTableData = new Array();
    </script>
    <!--
      <script type="text/javascript" src="jquery-ui/js/jquery-ui-1.8.16.custom.min.js"></script>
     -->
  </head>

  <body>
    <div class="top-banner-root">
      <span class="top-banner-title-font">Test results</span>
      <br/>
      <span class="top-banner-font-1">1 suite</span>
    </div> <!-- top-banner-root -->
    <div class="navigator-root">
      <div class="navigator-suite-header">
        <span>All suites</span>
        <a href="#" class="collapse-all-link" title="Collapse/expand all the suites">
          <img class="collapse-all-icon" src="collapseall.gif">
          </img> <!-- collapse-all-icon -->
        </a> <!-- collapse-all-link -->
      </div> <!-- navigator-suite-header -->
      <div class="suite">
        <div class="rounded-window">
          <div class="suite-header light-rounded-window-top">
            <a href="#" class="navigator-link" panel-name="suite-Default_suite">
              <span class="suite-name border-skipped">Default suite</span>
            </a> <!-- navigator-link -->
          </div> <!-- suite-header light-rounded-window-top -->
          <div class="navigator-suite-content">
            <div class="suite-section-title">
              <span>Info</span>
            </div> <!-- suite-section-title -->
            <div class="suite-section-content">
              <ul>
                <li>
                  <a href="#" class="navigator-link " panel-name="test-xml-Default_suite">
                    <span>testng-customsuite.xml</span>
                  </a> <!-- navigator-link  -->
                </li>
                <li>
                  <a href="#" class="navigator-link " panel-name="testlist-Default_suite">
                    <span class="test-stats">1 test</span>
                  </a> <!-- navigator-link  -->
                </li>
                <li>
                  <a href="#" class="navigator-link " panel-name="group-Default_suite">
                    <span>1 group</span>
                  </a> <!-- navigator-link  -->
                </li>
                <li>
                  <a href="#" class="navigator-link " panel-name="times-Default_suite">
                    <span>Times</span>
                  </a> <!-- navigator-link  -->
                </li>
                <li>
                  <a href="#" class="navigator-link " panel-name="reporter-Default_suite">
                    <span>Reporter output</span>
                  </a> <!-- navigator-link  -->
                </li>
                <li>
                  <a href="#" class="navigator-link " panel-name="ignored-methods-Default_suite">
                    <span>Ignored methods</span>
                  </a> <!-- navigator-link  -->
                </li>
                <li>
                  <a href="#" class="navigator-link " panel-name="chronological-Default_suite">
                    <span>Chronological view</span>
                  </a> <!-- navigator-link  -->
                </li>
              </ul>
            </div> <!-- suite-section-content -->
            <div class="result-section">
              <div class="suite-section-title">
                <span>Results</span>
              </div> <!-- suite-section-title -->
              <div class="suite-section-content">
                <ul>
                  <li>
                    <span class="method-stats">15 methods,  15 skipped,  </span>
                  </li>
                  <li>
                    <span class="method-list-title skipped">Skipped methods</span>
                    <span class="show-or-hide-methods skipped">
                      <a href="#" panel-name="suite-Default_suite" class="hide-methods skipped suite-Default_suite"> (hide)</a> <!-- hide-methods skipped suite-Default_suite -->
                      <a href="#" panel-name="suite-Default_suite" class="show-methods skipped suite-Default_suite"> (show)</a> <!-- show-methods skipped suite-Default_suite -->
                    </span>
                    <div class="method-list-content skipped suite-Default_suite">
                      <span>
                        <img width="3%" src="skipped.png"/>
                        <a href="#" class="method navigator-link" panel-name="suite-Default_suite" title="com.app.runners.CukesRunner" hash-for-method="runScenario(&quot;Register an account filling fields with valid credential&quot;, &quot;User Registration&quot;)">runScenario("Register an account filling fields with valid credential", "User Registration")</a> <!-- method navigator-link -->
                      </span>
                      <br/>
                      <span>
                        <img width="3%" src="skipped.png"/>
                        <a href="#" class="method navigator-link" panel-name="suite-Default_suite" title="com.app.runners.CukesRunner" hash-for-method="runScenario(&quot;Unable to register a user if one field was not filled&quot;, &quot;User Registration&quot;)">runScenario("Unable to register a user if one field was not filled", "User Registration")</a> <!-- method navigator-link -->
                      </span>
                      <br/>
                      <span>
                        <img width="3%" src="skipped.png"/>
                        <a href="#" class="method navigator-link" panel-name="suite-Default_suite" title="com.app.runners.CukesRunner" hash-for-method="runScenario(&quot;Unable to register a user if one field was not filled&quot;, &quot;User Registration&quot;)">runScenario("Unable to register a user if one field was not filled", "User Registration")</a> <!-- method navigator-link -->
                      </span>
                      <br/>
                      <span>
                        <img width="3%" src="skipped.png"/>
                        <a href="#" class="method navigator-link" panel-name="suite-Default_suite" title="com.app.runners.CukesRunner" hash-for-method="runScenario(&quot;Unable to register a user if one field was not filled&quot;, &quot;User Registration&quot;)">runScenario("Unable to register a user if one field was not filled", "User Registration")</a> <!-- method navigator-link -->
                      </span>
                      <br/>
                      <span>
                        <img width="3%" src="skipped.png"/>
                        <a href="#" class="method navigator-link" panel-name="suite-Default_suite" title="com.app.runners.CukesRunner" hash-for-method="runScenario(&quot;Register an account filling fields with valid credential&quot;, &quot;User Registration&quot;)">runScenario("Register an account filling fields with valid credential", "User Registration")</a> <!-- method navigator-link -->
                      </span>
                      <br/>
                      <span>
                        <img width="3%" src="skipped.png"/>
                        <a href="#" class="method navigator-link" panel-name="suite-Default_suite" title="com.app.runners.CukesRunner" hash-for-method="runScenario(&quot;Click on Submit button without filling any fields&quot;, &quot;User Registration&quot;)">runScenario("Click on Submit button without filling any fields", "User Registration")</a> <!-- method navigator-link -->
                      </span>
                      <br/>
                      <span>
                        <img width="3%" src="skipped.png"/>
                        <a href="#" class="method navigator-link" panel-name="suite-Default_suite" title="com.app.runners.CukesRunner" hash-for-method="runScenario(&quot;Unable to register a user if one field was not filled&quot;, &quot;User Registration&quot;)">runScenario("Unable to register a user if one field was not filled", "User Registration")</a> <!-- method navigator-link -->
                      </span>
                      <br/>
                      <span>
                        <img width="3%" src="skipped.png"/>
                        <a href="#" class="method navigator-link" panel-name="suite-Default_suite" title="com.app.runners.CukesRunner" hash-for-method="runScenario(&quot;Register an account filling fields with valid credential&quot;, &quot;User Registration&quot;)">runScenario("Register an account filling fields with valid credential", "User Registration")</a> <!-- method navigator-link -->
                      </span>
                      <br/>
                      <span>
                        <img width="3%" src="skipped.png"/>
                        <a href="#" class="method navigator-link" panel-name="suite-Default_suite" title="com.app.runners.CukesRunner" hash-for-method="runScenario(&quot;Register an account filling fields with valid credential&quot;, &quot;User Registration&quot;)">runScenario("Register an account filling fields with valid credential", "User Registration")</a> <!-- method navigator-link -->
                      </span>
                      <br/>
                      <span>
                        <img width="3%" src="skipped.png"/>
                        <a href="#" class="method navigator-link" panel-name="suite-Default_suite" title="com.app.runners.CukesRunner" hash-for-method="runScenario(&quot;Unable to register a user if one field was not filled&quot;, &quot;User Registration&quot;)">runScenario("Unable to register a user if one field was not filled", "User Registration")</a> <!-- method navigator-link -->
                      </span>
                      <br/>
                      <span>
                        <img width="3%" src="skipped.png"/>
                        <a href="#" class="method navigator-link" panel-name="suite-Default_suite" title="com.app.runners.CukesRunner" hash-for-method="runScenario(&quot;All fields are present on the registration page&quot;, &quot;User Registration&quot;)">runScenario("All fields are present on the registration page", "User Registration")</a> <!-- method navigator-link -->
                      </span>
                      <br/>
                      <span>
                        <img width="3%" src="skipped.png"/>
                        <a href="#" class="method navigator-link" panel-name="suite-Default_suite" title="com.app.runners.CukesRunner" hash-for-method="runScenario(&quot;Unable to register a user if one field was not filled&quot;, &quot;User Registration&quot;)">runScenario("Unable to register a user if one field was not filled", "User Registration")</a> <!-- method navigator-link -->
                      </span>
                      <br/>
                      <span>
                        <img width="3%" src="skipped.png"/>
                        <a href="#" class="method navigator-link" panel-name="suite-Default_suite" title="com.app.runners.CukesRunner" hash-for-method="runScenario(&quot;Unable to register a user if one field was not filled&quot;, &quot;User Registration&quot;)">runScenario("Unable to register a user if one field was not filled", "User Registration")</a> <!-- method navigator-link -->
                      </span>
                      <br/>
                      <span>
                        <img width="3%" src="skipped.png"/>
                        <a href="#" class="method navigator-link" panel-name="suite-Default_suite" title="com.app.runners.CukesRunner" hash-for-method="runScenario(&quot;Unable to register a user if one field was not filled&quot;, &quot;User Registration&quot;)">runScenario("Unable to register a user if one field was not filled", "User Registration")</a> <!-- method navigator-link -->
                      </span>
                      <br/>
                      <span>
                        <img width="3%" src="skipped.png"/>
                        <a href="#" class="method navigator-link" panel-name="suite-Default_suite" title="com.app.runners.CukesRunner" hash-for-method="runScenario(&quot;Register an account filling fields with valid credential&quot;, &quot;User Registration&quot;)">runScenario("Register an account filling fields with valid credential", "User Registration")</a> <!-- method navigator-link -->
                      </span>
                      <br/>
                    </div> <!-- method-list-content skipped suite-Default_suite -->
                  </li>
                </ul>
              </div> <!-- suite-section-content -->
            </div> <!-- result-section -->
          </div> <!-- navigator-suite-content -->
        </div> <!-- rounded-window -->
      </div> <!-- suite -->
    </div> <!-- navigator-root -->
    <div class="wrapper">
      <div class="main-panel-root">
        <div panel-name="suite-Default_suite" class="panel Default_suite">
          <div class="suite-Default_suite-class-skipped">
            <div class="main-panel-header rounded-window-top">
              <img src="skipped.png"/>
              <span class="class-name">com.app.runners.CukesRunner</span>
            </div> <!-- main-panel-header rounded-window-top -->
            <div class="main-panel-content rounded-window-bottom">
              <div class="method">
                <div class="method-content">
                  <a name="runScenario(&quot;Register an account filling fields with valid credential&quot;, &quot;User Registration&quot;)">
                  </a> <!-- runScenario("Register an account filling fields with valid credential", "User Registration") -->
                  <span class="method-name">runScenario</span>
                  <span class="parameters">("Register an account filling fields with valid credential", "User Registration")</span>
                  <div class="stack-trace">cucumber.runtime.CucumberException: Could not convert arguments for step [I enter personal details:] defined at &apos;com.app.stepdefinitions.RegistrationStepDefs.i_enter_personal_details(DataTable) in file:/Users/busara/Desktop/Projects/demoqa/target/test-classes/&apos;.
It appears you did not register a data table type. The details are in the stacktrace below.
	at cucumber.runtime.PickleStepDefinitionMatch.registerTypeInConfiguration(PickleStepDefinitionMatch.java:59)
	at cucumber.runtime.PickleStepDefinitionMatch.runStep(PickleStepDefinitionMatch.java:42)
	at cucumber.runner.TestStep.executeStep(TestStep.java:55)
	at cucumber.runner.TestStep.run(TestStep.java:42)
	at cucumber.runner.PickleStepTestStep.run(PickleStepTestStep.java:53)
	at cucumber.runner.TestCase.run(TestCase.java:47)
	at cucumber.runner.Runner.runPickle(Runner.java:44)
	at cucumber.api.testng.TestNGCucumberRunner.runScenario(TestNGCucumberRunner.java:56)
	at cucumber.api.testng.AbstractTestNGCucumberTests.runScenario(AbstractTestNGCucumberTests.java:22)
	at sun.reflect.NativeMethodAccessorImpl.invoke0(Native Method)
	at sun.reflect.NativeMethodAccessorImpl.invoke(NativeMethodAccessorImpl.java:62)
	at sun.reflect.DelegatingMethodAccessorImpl.invoke(DelegatingMethodAccessorImpl.java:43)
	at java.lang.reflect.Method.invoke(Method.java:498)
	at org.testng.internal.MethodInvocationHelper.invokeMethod(MethodInvocationHelper.java:124)
	at org.testng.internal.Invoker.invokeMethod(Invoker.java:583)
	at org.testng.internal.Invoker.invokeTestMethod(Invoker.java:719)
	at org.testng.internal.Invoker.invokeTestMethods(Invoker.java:989)
	at org.testng.internal.TestMethodWorker.invokeTestMethods(TestMethodWorker.java:125)
	at org.testng.internal.TestMethodWorker.run(TestMethodWorker.java:109)
	at org.testng.TestRunner.privateRun(TestRunner.java:648)
	at org.testng.TestRunner.run(TestRunner.java:505)
	at org.testng.SuiteRunner.runTest(SuiteRunner.java:455)
	at org.testng.SuiteRunner.runSequentially(SuiteRunner.java:450)
	at org.testng.SuiteRunner.privateRun(SuiteRunner.java:415)
	at org.testng.SuiteRunner.run(SuiteRunner.java:364)
	at org.testng.SuiteRunnerWorker.runSuite(SuiteRunnerWorker.java:52)
	at org.testng.SuiteRunnerWorker.run(SuiteRunnerWorker.java:84)
	at org.testng.TestNG.runSuitesSequentially(TestNG.java:1208)
	at org.testng.TestNG.runSuitesLocally(TestNG.java:1137)
	at org.testng.TestNG.runSuites(TestNG.java:1049)
	at org.testng.TestNG.run(TestNG.java:1017)
	at org.testng.remote.AbstractRemoteTestNG.run(AbstractRemoteTestNG.java:114)
	at org.testng.remote.RemoteTestNG.initAndRun(RemoteTestNG.java:251)
	at org.testng.remote.RemoteTestNG.main(RemoteTestNG.java:77)
Caused by: io.cucumber.datatable.UndefinedDataTableTypeException: Can&apos;t convert DataTable to gherkin.ast.DataTable. Please register a DataTableType with a TableTransformer, TableEntryTransformer or TableRowTransformer for class gherkin.ast.DataTable
	at io.cucumber.datatable.UndefinedDataTableTypeException.singletonNoConverterDefined(UndefinedDataTableTypeException.java:15)
	at io.cucumber.datatable.DataTableTypeRegistryTableConverter.toSingleton(DataTableTypeRegistryTableConverter.java:106)
	at io.cucumber.datatable.DataTableTypeRegistryTableConverter.convert(DataTableTypeRegistryTableConverter.java:75)
	at io.cucumber.datatable.DataTable.convert(DataTable.java:336)
	at io.cucumber.stepexpression.StepExpressionFactory$3.transform(StepExpressionFactory.java:72)
	at io.cucumber.stepexpression.DataTableArgument.getValue(DataTableArgument.java:19)
	at cucumber.runtime.PickleStepDefinitionMatch.runStep(PickleStepDefinitionMatch.java:39)
	... 32 more

</div> <!-- stack-trace -->
                  <em>
(Runs Cucumber Scenarios)                  </em>
                </div> <!-- method-content -->
              </div> <!-- method -->
              <div class="method">
                <div class="method-content">
                  <a name="runScenario(&quot;Unable to register a user if one field was not filled&quot;, &quot;User Registration&quot;)">
                  </a> <!-- runScenario("Unable to register a user if one field was not filled", "User Registration") -->
                  <span class="method-name">runScenario</span>
                  <span class="parameters">("Unable to register a user if one field was not filled", "User Registration")</span>
                  <div class="stack-trace">cucumber.runtime.CucumberException: Could not convert arguments for step [I enter personal details:] defined at &apos;com.app.stepdefinitions.RegistrationStepDefs.i_enter_personal_details(DataTable) in file:/Users/busara/Desktop/Projects/demoqa/target/test-classes/&apos;.
It appears you did not register a data table type. The details are in the stacktrace below.
	at cucumber.runtime.PickleStepDefinitionMatch.registerTypeInConfiguration(PickleStepDefinitionMatch.java:59)
	at cucumber.runtime.PickleStepDefinitionMatch.runStep(PickleStepDefinitionMatch.java:42)
	at cucumber.runner.TestStep.executeStep(TestStep.java:55)
	at cucumber.runner.TestStep.run(TestStep.java:42)
	at cucumber.runner.PickleStepTestStep.run(PickleStepTestStep.java:53)
	at cucumber.runner.TestCase.run(TestCase.java:47)
	at cucumber.runner.Runner.runPickle(Runner.java:44)
	at cucumber.api.testng.TestNGCucumberRunner.runScenario(TestNGCucumberRunner.java:56)
	at cucumber.api.testng.AbstractTestNGCucumberTests.runScenario(AbstractTestNGCucumberTests.java:22)
	at sun.reflect.NativeMethodAccessorImpl.invoke0(Native Method)
	at sun.reflect.NativeMethodAccessorImpl.invoke(NativeMethodAccessorImpl.java:62)
	at sun.reflect.DelegatingMethodAccessorImpl.invoke(DelegatingMethodAccessorImpl.java:43)
	at java.lang.reflect.Method.invoke(Method.java:498)
	at org.testng.internal.MethodInvocationHelper.invokeMethod(MethodInvocationHelper.java:124)
	at org.testng.internal.Invoker.invokeMethod(Invoker.java:583)
	at org.testng.internal.Invoker.invokeTestMethod(Invoker.java:719)
	at org.testng.internal.Invoker.invokeTestMethods(Invoker.java:989)
	at org.testng.internal.TestMethodWorker.invokeTestMethods(TestMethodWorker.java:125)
	at org.testng.internal.TestMethodWorker.run(TestMethodWorker.java:109)
	at org.testng.TestRunner.privateRun(TestRunner.java:648)
	at org.testng.TestRunner.run(TestRunner.java:505)
	at org.testng.SuiteRunner.runTest(SuiteRunner.java:455)
	at org.testng.SuiteRunner.runSequentially(SuiteRunner.java:450)
	at org.testng.SuiteRunner.privateRun(SuiteRunner.java:415)
	at org.testng.SuiteRunner.run(SuiteRunner.java:364)
	at org.testng.SuiteRunnerWorker.runSuite(SuiteRunnerWorker.java:52)
	at org.testng.SuiteRunnerWorker.run(SuiteRunnerWorker.java:84)
	at org.testng.TestNG.runSuitesSequentially(TestNG.java:1208)
	at org.testng.TestNG.runSuitesLocally(TestNG.java:1137)
	at org.testng.TestNG.runSuites(TestNG.java:1049)
	at org.testng.TestNG.run(TestNG.java:1017)
	at org.testng.remote.AbstractRemoteTestNG.run(AbstractRemoteTestNG.java:114)
	at org.testng.remote.RemoteTestNG.initAndRun(RemoteTestNG.java:251)
	at org.testng.remote.RemoteTestNG.main(RemoteTestNG.java:77)
Caused by: io.cucumber.datatable.UndefinedDataTableTypeException: Can&apos;t convert DataTable to gherkin.ast.DataTable. Please register a DataTableType with a TableTransformer, TableEntryTransformer or TableRowTransformer for class gherkin.ast.DataTable
	at io.cucumber.datatable.UndefinedDataTableTypeException.singletonNoConverterDefined(UndefinedDataTableTypeException.java:15)
	at io.cucumber.datatable.DataTableTypeRegistryTableConverter.toSingleton(DataTableTypeRegistryTableConverter.java:106)
	at io.cucumber.datatable.DataTableTypeRegistryTableConverter.convert(DataTableTypeRegistryTableConverter.java:75)
	at io.cucumber.datatable.DataTable.convert(DataTable.java:336)
	at io.cucumber.stepexpression.StepExpressionFactory$3.transform(StepExpressionFactory.java:72)
	at io.cucumber.stepexpression.DataTableArgument.getValue(DataTableArgument.java:19)
	at cucumber.runtime.PickleStepDefinitionMatch.runStep(PickleStepDefinitionMatch.java:39)
	... 32 more

</div> <!-- stack-trace -->
                  <em>
(Runs Cucumber Scenarios)                  </em>
                </div> <!-- method-content -->
              </div> <!-- method -->
              <div class="method">
                <div class="method-content">
                  <a name="runScenario(&quot;Unable to register a user if one field was not filled&quot;, &quot;User Registration&quot;)">
                  </a> <!-- runScenario("Unable to register a user if one field was not filled", "User Registration") -->
                  <span class="method-name">runScenario</span>
                  <span class="parameters">("Unable to register a user if one field was not filled", "User Registration")</span>
                  <div class="stack-trace">cucumber.runtime.CucumberException: Could not convert arguments for step [I enter personal details:] defined at &apos;com.app.stepdefinitions.RegistrationStepDefs.i_enter_personal_details(DataTable) in file:/Users/busara/Desktop/Projects/demoqa/target/test-classes/&apos;.
It appears you did not register a data table type. The details are in the stacktrace below.
	at cucumber.runtime.PickleStepDefinitionMatch.registerTypeInConfiguration(PickleStepDefinitionMatch.java:59)
	at cucumber.runtime.PickleStepDefinitionMatch.runStep(PickleStepDefinitionMatch.java:42)
	at cucumber.runner.TestStep.executeStep(TestStep.java:55)
	at cucumber.runner.TestStep.run(TestStep.java:42)
	at cucumber.runner.PickleStepTestStep.run(PickleStepTestStep.java:53)
	at cucumber.runner.TestCase.run(TestCase.java:47)
	at cucumber.runner.Runner.runPickle(Runner.java:44)
	at cucumber.api.testng.TestNGCucumberRunner.runScenario(TestNGCucumberRunner.java:56)
	at cucumber.api.testng.AbstractTestNGCucumberTests.runScenario(AbstractTestNGCucumberTests.java:22)
	at sun.reflect.NativeMethodAccessorImpl.invoke0(Native Method)
	at sun.reflect.NativeMethodAccessorImpl.invoke(NativeMethodAccessorImpl.java:62)
	at sun.reflect.DelegatingMethodAccessorImpl.invoke(DelegatingMethodAccessorImpl.java:43)
	at java.lang.reflect.Method.invoke(Method.java:498)
	at org.testng.internal.MethodInvocationHelper.invokeMethod(MethodInvocationHelper.java:124)
	at org.testng.internal.Invoker.invokeMethod(Invoker.java:583)
	at org.testng.internal.Invoker.invokeTestMethod(Invoker.java:719)
	at org.testng.internal.Invoker.invokeTestMethods(Invoker.java:989)
	at org.testng.internal.TestMethodWorker.invokeTestMethods(TestMethodWorker.java:125)
	at org.testng.internal.TestMethodWorker.run(TestMethodWorker.java:109)
	at org.testng.TestRunner.privateRun(TestRunner.java:648)
	at org.testng.TestRunner.run(TestRunner.java:505)
	at org.testng.SuiteRunner.runTest(SuiteRunner.java:455)
	at org.testng.SuiteRunner.runSequentially(SuiteRunner.java:450)
	at org.testng.SuiteRunner.privateRun(SuiteRunner.java:415)
	at org.testng.SuiteRunner.run(SuiteRunner.java:364)
	at org.testng.SuiteRunnerWorker.runSuite(SuiteRunnerWorker.java:52)
	at org.testng.SuiteRunnerWorker.run(SuiteRunnerWorker.java:84)
	at org.testng.TestNG.runSuitesSequentially(TestNG.java:1208)
	at org.testng.TestNG.runSuitesLocally(TestNG.java:1137)
	at org.testng.TestNG.runSuites(TestNG.java:1049)
	at org.testng.TestNG.run(TestNG.java:1017)
	at org.testng.remote.AbstractRemoteTestNG.run(AbstractRemoteTestNG.java:114)
	at org.testng.remote.RemoteTestNG.initAndRun(RemoteTestNG.java:251)
	at org.testng.remote.RemoteTestNG.main(RemoteTestNG.java:77)
Caused by: io.cucumber.datatable.UndefinedDataTableTypeException: Can&apos;t convert DataTable to gherkin.ast.DataTable. Please register a DataTableType with a TableTransformer, TableEntryTransformer or TableRowTransformer for class gherkin.ast.DataTable
	at io.cucumber.datatable.UndefinedDataTableTypeException.singletonNoConverterDefined(UndefinedDataTableTypeException.java:15)
	at io.cucumber.datatable.DataTableTypeRegistryTableConverter.toSingleton(DataTableTypeRegistryTableConverter.java:106)
	at io.cucumber.datatable.DataTableTypeRegistryTableConverter.convert(DataTableTypeRegistryTableConverter.java:75)
	at io.cucumber.datatable.DataTable.convert(DataTable.java:336)
	at io.cucumber.stepexpression.StepExpressionFactory$3.transform(StepExpressionFactory.java:72)
	at io.cucumber.stepexpression.DataTableArgument.getValue(DataTableArgument.java:19)
	at cucumber.runtime.PickleStepDefinitionMatch.runStep(PickleStepDefinitionMatch.java:39)
	... 32 more

</div> <!-- stack-trace -->
                  <em>
(Runs Cucumber Scenarios)                  </em>
                </div> <!-- method-content -->
              </div> <!-- method -->
              <div class="method">
                <div class="method-content">
                  <a name="runScenario(&quot;Unable to register a user if one field was not filled&quot;, &quot;User Registration&quot;)">
                  </a> <!-- runScenario("Unable to register a user if one field was not filled", "User Registration") -->
                  <span class="method-name">runScenario</span>
                  <span class="parameters">("Unable to register a user if one field was not filled", "User Registration")</span>
                  <div class="stack-trace">cucumber.runtime.CucumberException: Could not convert arguments for step [I enter personal details:] defined at &apos;com.app.stepdefinitions.RegistrationStepDefs.i_enter_personal_details(DataTable) in file:/Users/busara/Desktop/Projects/demoqa/target/test-classes/&apos;.
It appears you did not register a data table type. The details are in the stacktrace below.
	at cucumber.runtime.PickleStepDefinitionMatch.registerTypeInConfiguration(PickleStepDefinitionMatch.java:59)
	at cucumber.runtime.PickleStepDefinitionMatch.runStep(PickleStepDefinitionMatch.java:42)
	at cucumber.runner.TestStep.executeStep(TestStep.java:55)
	at cucumber.runner.TestStep.run(TestStep.java:42)
	at cucumber.runner.PickleStepTestStep.run(PickleStepTestStep.java:53)
	at cucumber.runner.TestCase.run(TestCase.java:47)
	at cucumber.runner.Runner.runPickle(Runner.java:44)
	at cucumber.api.testng.TestNGCucumberRunner.runScenario(TestNGCucumberRunner.java:56)
	at cucumber.api.testng.AbstractTestNGCucumberTests.runScenario(AbstractTestNGCucumberTests.java:22)
	at sun.reflect.NativeMethodAccessorImpl.invoke0(Native Method)
	at sun.reflect.NativeMethodAccessorImpl.invoke(NativeMethodAccessorImpl.java:62)
	at sun.reflect.DelegatingMethodAccessorImpl.invoke(DelegatingMethodAccessorImpl.java:43)
	at java.lang.reflect.Method.invoke(Method.java:498)
	at org.testng.internal.MethodInvocationHelper.invokeMethod(MethodInvocationHelper.java:124)
	at org.testng.internal.Invoker.invokeMethod(Invoker.java:583)
	at org.testng.internal.Invoker.invokeTestMethod(Invoker.java:719)
	at org.testng.internal.Invoker.invokeTestMethods(Invoker.java:989)
	at org.testng.internal.TestMethodWorker.invokeTestMethods(TestMethodWorker.java:125)
	at org.testng.internal.TestMethodWorker.run(TestMethodWorker.java:109)
	at org.testng.TestRunner.privateRun(TestRunner.java:648)
	at org.testng.TestRunner.run(TestRunner.java:505)
	at org.testng.SuiteRunner.runTest(SuiteRunner.java:455)
	at org.testng.SuiteRunner.runSequentially(SuiteRunner.java:450)
	at org.testng.SuiteRunner.privateRun(SuiteRunner.java:415)
	at org.testng.SuiteRunner.run(SuiteRunner.java:364)
	at org.testng.SuiteRunnerWorker.runSuite(SuiteRunnerWorker.java:52)
	at org.testng.SuiteRunnerWorker.run(SuiteRunnerWorker.java:84)
	at org.testng.TestNG.runSuitesSequentially(TestNG.java:1208)
	at org.testng.TestNG.runSuitesLocally(TestNG.java:1137)
	at org.testng.TestNG.runSuites(TestNG.java:1049)
	at org.testng.TestNG.run(TestNG.java:1017)
	at org.testng.remote.AbstractRemoteTestNG.run(AbstractRemoteTestNG.java:114)
	at org.testng.remote.RemoteTestNG.initAndRun(RemoteTestNG.java:251)
	at org.testng.remote.RemoteTestNG.main(RemoteTestNG.java:77)
Caused by: io.cucumber.datatable.UndefinedDataTableTypeException: Can&apos;t convert DataTable to gherkin.ast.DataTable. Please register a DataTableType with a TableTransformer, TableEntryTransformer or TableRowTransformer for class gherkin.ast.DataTable
	at io.cucumber.datatable.UndefinedDataTableTypeException.singletonNoConverterDefined(UndefinedDataTableTypeException.java:15)
	at io.cucumber.datatable.DataTableTypeRegistryTableConverter.toSingleton(DataTableTypeRegistryTableConverter.java:106)
	at io.cucumber.datatable.DataTableTypeRegistryTableConverter.convert(DataTableTypeRegistryTableConverter.java:75)
	at io.cucumber.datatable.DataTable.convert(DataTable.java:336)
	at io.cucumber.stepexpression.StepExpressionFactory$3.transform(StepExpressionFactory.java:72)
	at io.cucumber.stepexpression.DataTableArgument.getValue(DataTableArgument.java:19)
	at cucumber.runtime.PickleStepDefinitionMatch.runStep(PickleStepDefinitionMatch.java:39)
	... 32 more

</div> <!-- stack-trace -->
                  <em>
(Runs Cucumber Scenarios)                  </em>
                </div> <!-- method-content -->
              </div> <!-- method -->
              <div class="method">
                <div class="method-content">
                  <a name="runScenario(&quot;Register an account filling fields with valid credential&quot;, &quot;User Registration&quot;)">
                  </a> <!-- runScenario("Register an account filling fields with valid credential", "User Registration") -->
                  <span class="method-name">runScenario</span>
                  <span class="parameters">("Register an account filling fields with valid credential", "User Registration")</span>
                  <div class="stack-trace">cucumber.runtime.CucumberException: Could not convert arguments for step [I enter personal details:] defined at &apos;com.app.stepdefinitions.RegistrationStepDefs.i_enter_personal_details(DataTable) in file:/Users/busara/Desktop/Projects/demoqa/target/test-classes/&apos;.
It appears you did not register a data table type. The details are in the stacktrace below.
	at cucumber.runtime.PickleStepDefinitionMatch.registerTypeInConfiguration(PickleStepDefinitionMatch.java:59)
	at cucumber.runtime.PickleStepDefinitionMatch.runStep(PickleStepDefinitionMatch.java:42)
	at cucumber.runner.TestStep.executeStep(TestStep.java:55)
	at cucumber.runner.TestStep.run(TestStep.java:42)
	at cucumber.runner.PickleStepTestStep.run(PickleStepTestStep.java:53)
	at cucumber.runner.TestCase.run(TestCase.java:47)
	at cucumber.runner.Runner.runPickle(Runner.java:44)
	at cucumber.api.testng.TestNGCucumberRunner.runScenario(TestNGCucumberRunner.java:56)
	at cucumber.api.testng.AbstractTestNGCucumberTests.runScenario(AbstractTestNGCucumberTests.java:22)
	at sun.reflect.NativeMethodAccessorImpl.invoke0(Native Method)
	at sun.reflect.NativeMethodAccessorImpl.invoke(NativeMethodAccessorImpl.java:62)
	at sun.reflect.DelegatingMethodAccessorImpl.invoke(DelegatingMethodAccessorImpl.java:43)
	at java.lang.reflect.Method.invoke(Method.java:498)
	at org.testng.internal.MethodInvocationHelper.invokeMethod(MethodInvocationHelper.java:124)
	at org.testng.internal.Invoker.invokeMethod(Invoker.java:583)
	at org.testng.internal.Invoker.invokeTestMethod(Invoker.java:719)
	at org.testng.internal.Invoker.invokeTestMethods(Invoker.java:989)
	at org.testng.internal.TestMethodWorker.invokeTestMethods(TestMethodWorker.java:125)
	at org.testng.internal.TestMethodWorker.run(TestMethodWorker.java:109)
	at org.testng.TestRunner.privateRun(TestRunner.java:648)
	at org.testng.TestRunner.run(TestRunner.java:505)
	at org.testng.SuiteRunner.runTest(SuiteRunner.java:455)
	at org.testng.SuiteRunner.runSequentially(SuiteRunner.java:450)
	at org.testng.SuiteRunner.privateRun(SuiteRunner.java:415)
	at org.testng.SuiteRunner.run(SuiteRunner.java:364)
	at org.testng.SuiteRunnerWorker.runSuite(SuiteRunnerWorker.java:52)
	at org.testng.SuiteRunnerWorker.run(SuiteRunnerWorker.java:84)
	at org.testng.TestNG.runSuitesSequentially(TestNG.java:1208)
	at org.testng.TestNG.runSuitesLocally(TestNG.java:1137)
	at org.testng.TestNG.runSuites(TestNG.java:1049)
	at org.testng.TestNG.run(TestNG.java:1017)
	at org.testng.remote.AbstractRemoteTestNG.run(AbstractRemoteTestNG.java:114)
	at org.testng.remote.RemoteTestNG.initAndRun(RemoteTestNG.java:251)
	at org.testng.remote.RemoteTestNG.main(RemoteTestNG.java:77)
Caused by: io.cucumber.datatable.UndefinedDataTableTypeException: Can&apos;t convert DataTable to gherkin.ast.DataTable. Please register a DataTableType with a TableTransformer, TableEntryTransformer or TableRowTransformer for class gherkin.ast.DataTable
	at io.cucumber.datatable.UndefinedDataTableTypeException.singletonNoConverterDefined(UndefinedDataTableTypeException.java:15)
	at io.cucumber.datatable.DataTableTypeRegistryTableConverter.toSingleton(DataTableTypeRegistryTableConverter.java:106)
	at io.cucumber.datatable.DataTableTypeRegistryTableConverter.convert(DataTableTypeRegistryTableConverter.java:75)
	at io.cucumber.datatable.DataTable.convert(DataTable.java:336)
	at io.cucumber.stepexpression.StepExpressionFactory$3.transform(StepExpressionFactory.java:72)
	at io.cucumber.stepexpression.DataTableArgument.getValue(DataTableArgument.java:19)
	at cucumber.runtime.PickleStepDefinitionMatch.runStep(PickleStepDefinitionMatch.java:39)
	... 32 more

</div> <!-- stack-trace -->
                  <em>
(Runs Cucumber Scenarios)                  </em>
                </div> <!-- method-content -->
              </div> <!-- method -->
              <div class="method">
                <div class="method-content">
                  <a name="runScenario(&quot;Click on Submit button without filling any fields&quot;, &quot;User Registration&quot;)">
                  </a> <!-- runScenario("Click on Submit button without filling any fields", "User Registration") -->
                  <span class="method-name">runScenario</span>
                  <span class="parameters">("Click on Submit button without filling any fields", "User Registration")</span>
                  <div class="stack-trace">org.testng.SkipException: cucumber.api.PendingException: TODO: implement me
	at com.app.stepdefinitions.RegistrationStepDefs.i_click_on_Submit(RegistrationStepDefs.java:50)
	at ✽.I click on Submit(src/test/resources/com/app/features/UserInterfaceTests.feature:25)

	at cucumber.api.testng.TestCaseResultListener.getError(TestCaseResultListener.java:52)
	at cucumber.api.testng.TestNGCucumberRunner.runScenario(TestNGCucumberRunner.java:59)
	at cucumber.api.testng.AbstractTestNGCucumberTests.runScenario(AbstractTestNGCucumberTests.java:22)
	at sun.reflect.NativeMethodAccessorImpl.invoke0(Native Method)
	at sun.reflect.NativeMethodAccessorImpl.invoke(NativeMethodAccessorImpl.java:62)
	at sun.reflect.DelegatingMethodAccessorImpl.invoke(DelegatingMethodAccessorImpl.java:43)
	at java.lang.reflect.Method.invoke(Method.java:498)
	at org.testng.internal.MethodInvocationHelper.invokeMethod(MethodInvocationHelper.java:124)
	at org.testng.internal.Invoker.invokeMethod(Invoker.java:583)
	at org.testng.internal.Invoker.invokeTestMethod(Invoker.java:719)
	at org.testng.internal.Invoker.invokeTestMethods(Invoker.java:989)
	at org.testng.internal.TestMethodWorker.invokeTestMethods(TestMethodWorker.java:125)
	at org.testng.internal.TestMethodWorker.run(TestMethodWorker.java:109)
	at org.testng.TestRunner.privateRun(TestRunner.java:648)
	at org.testng.TestRunner.run(TestRunner.java:505)
	at org.testng.SuiteRunner.runTest(SuiteRunner.java:455)
	at org.testng.SuiteRunner.runSequentially(SuiteRunner.java:450)
	at org.testng.SuiteRunner.privateRun(SuiteRunner.java:415)
	at org.testng.SuiteRunner.run(SuiteRunner.java:364)
	at org.testng.SuiteRunnerWorker.runSuite(SuiteRunnerWorker.java:52)
	at org.testng.SuiteRunnerWorker.run(SuiteRunnerWorker.java:84)
	at org.testng.TestNG.runSuitesSequentially(TestNG.java:1208)
	at org.testng.TestNG.runSuitesLocally(TestNG.java:1137)
	at org.testng.TestNG.runSuites(TestNG.java:1049)
	at org.testng.TestNG.run(TestNG.java:1017)
	at org.testng.remote.AbstractRemoteTestNG.run(AbstractRemoteTestNG.java:114)
	at org.testng.remote.RemoteTestNG.initAndRun(RemoteTestNG.java:251)
	at org.testng.remote.RemoteTestNG.main(RemoteTestNG.java:77)
Caused by: cucumber.api.PendingException: TODO: implement me
	at com.app.stepdefinitions.RegistrationStepDefs.i_click_on_Submit(RegistrationStepDefs.java:50)
	at ✽.I click on Submit(src/test/resources/com/app/features/UserInterfaceTests.feature:25)

</div> <!-- stack-trace -->
                  <em>
(Runs Cucumber Scenarios)                  </em>
                </div> <!-- method-content -->
              </div> <!-- method -->
              <div class="method">
                <div class="method-content">
                  <a name="runScenario(&quot;Unable to register a user if one field was not filled&quot;, &quot;User Registration&quot;)">
                  </a> <!-- runScenario("Unable to register a user if one field was not filled", "User Registration") -->
                  <span class="method-name">runScenario</span>
                  <span class="parameters">("Unable to register a user if one field was not filled", "User Registration")</span>
                  <div class="stack-trace">cucumber.runtime.CucumberException: Could not convert arguments for step [I enter personal details:] defined at &apos;com.app.stepdefinitions.RegistrationStepDefs.i_enter_personal_details(DataTable) in file:/Users/busara/Desktop/Projects/demoqa/target/test-classes/&apos;.
It appears you did not register a data table type. The details are in the stacktrace below.
	at cucumber.runtime.PickleStepDefinitionMatch.registerTypeInConfiguration(PickleStepDefinitionMatch.java:59)
	at cucumber.runtime.PickleStepDefinitionMatch.runStep(PickleStepDefinitionMatch.java:42)
	at cucumber.runner.TestStep.executeStep(TestStep.java:55)
	at cucumber.runner.TestStep.run(TestStep.java:42)
	at cucumber.runner.PickleStepTestStep.run(PickleStepTestStep.java:53)
	at cucumber.runner.TestCase.run(TestCase.java:47)
	at cucumber.runner.Runner.runPickle(Runner.java:44)
	at cucumber.api.testng.TestNGCucumberRunner.runScenario(TestNGCucumberRunner.java:56)
	at cucumber.api.testng.AbstractTestNGCucumberTests.runScenario(AbstractTestNGCucumberTests.java:22)
	at sun.reflect.NativeMethodAccessorImpl.invoke0(Native Method)
	at sun.reflect.NativeMethodAccessorImpl.invoke(NativeMethodAccessorImpl.java:62)
	at sun.reflect.DelegatingMethodAccessorImpl.invoke(DelegatingMethodAccessorImpl.java:43)
	at java.lang.reflect.Method.invoke(Method.java:498)
	at org.testng.internal.MethodInvocationHelper.invokeMethod(MethodInvocationHelper.java:124)
	at org.testng.internal.Invoker.invokeMethod(Invoker.java:583)
	at org.testng.internal.Invoker.invokeTestMethod(Invoker.java:719)
	at org.testng.internal.Invoker.invokeTestMethods(Invoker.java:989)
	at org.testng.internal.TestMethodWorker.invokeTestMethods(TestMethodWorker.java:125)
	at org.testng.internal.TestMethodWorker.run(TestMethodWorker.java:109)
	at org.testng.TestRunner.privateRun(TestRunner.java:648)
	at org.testng.TestRunner.run(TestRunner.java:505)
	at org.testng.SuiteRunner.runTest(SuiteRunner.java:455)
	at org.testng.SuiteRunner.runSequentially(SuiteRunner.java:450)
	at org.testng.SuiteRunner.privateRun(SuiteRunner.java:415)
	at org.testng.SuiteRunner.run(SuiteRunner.java:364)
	at org.testng.SuiteRunnerWorker.runSuite(SuiteRunnerWorker.java:52)
	at org.testng.SuiteRunnerWorker.run(SuiteRunnerWorker.java:84)
	at org.testng.TestNG.runSuitesSequentially(TestNG.java:1208)
	at org.testng.TestNG.runSuitesLocally(TestNG.java:1137)
	at org.testng.TestNG.runSuites(TestNG.java:1049)
	at org.testng.TestNG.run(TestNG.java:1017)
	at org.testng.remote.AbstractRemoteTestNG.run(AbstractRemoteTestNG.java:114)
	at org.testng.remote.RemoteTestNG.initAndRun(RemoteTestNG.java:251)
	at org.testng.remote.RemoteTestNG.main(RemoteTestNG.java:77)
Caused by: io.cucumber.datatable.UndefinedDataTableTypeException: Can&apos;t convert DataTable to gherkin.ast.DataTable. Please register a DataTableType with a TableTransformer, TableEntryTransformer or TableRowTransformer for class gherkin.ast.DataTable
	at io.cucumber.datatable.UndefinedDataTableTypeException.singletonNoConverterDefined(UndefinedDataTableTypeException.java:15)
	at io.cucumber.datatable.DataTableTypeRegistryTableConverter.toSingleton(DataTableTypeRegistryTableConverter.java:106)
	at io.cucumber.datatable.DataTableTypeRegistryTableConverter.convert(DataTableTypeRegistryTableConverter.java:75)
	at io.cucumber.datatable.DataTable.convert(DataTable.java:336)
	at io.cucumber.stepexpression.StepExpressionFactory$3.transform(StepExpressionFactory.java:72)
	at io.cucumber.stepexpression.DataTableArgument.getValue(DataTableArgument.java:19)
	at cucumber.runtime.PickleStepDefinitionMatch.runStep(PickleStepDefinitionMatch.java:39)
	... 32 more

</div> <!-- stack-trace -->
                  <em>
(Runs Cucumber Scenarios)                  </em>
                </div> <!-- method-content -->
              </div> <!-- method -->
              <div class="method">
                <div class="method-content">
                  <a name="runScenario(&quot;Register an account filling fields with valid credential&quot;, &quot;User Registration&quot;)">
                  </a> <!-- runScenario("Register an account filling fields with valid credential", "User Registration") -->
                  <span class="method-name">runScenario</span>
                  <span class="parameters">("Register an account filling fields with valid credential", "User Registration")</span>
                  <div class="stack-trace">cucumber.runtime.CucumberException: Could not convert arguments for step [I enter personal details:] defined at &apos;com.app.stepdefinitions.RegistrationStepDefs.i_enter_personal_details(DataTable) in file:/Users/busara/Desktop/Projects/demoqa/target/test-classes/&apos;.
It appears you did not register a data table type. The details are in the stacktrace below.
	at cucumber.runtime.PickleStepDefinitionMatch.registerTypeInConfiguration(PickleStepDefinitionMatch.java:59)
	at cucumber.runtime.PickleStepDefinitionMatch.runStep(PickleStepDefinitionMatch.java:42)
	at cucumber.runner.TestStep.executeStep(TestStep.java:55)
	at cucumber.runner.TestStep.run(TestStep.java:42)
	at cucumber.runner.PickleStepTestStep.run(PickleStepTestStep.java:53)
	at cucumber.runner.TestCase.run(TestCase.java:47)
	at cucumber.runner.Runner.runPickle(Runner.java:44)
	at cucumber.api.testng.TestNGCucumberRunner.runScenario(TestNGCucumberRunner.java:56)
	at cucumber.api.testng.AbstractTestNGCucumberTests.runScenario(AbstractTestNGCucumberTests.java:22)
	at sun.reflect.NativeMethodAccessorImpl.invoke0(Native Method)
	at sun.reflect.NativeMethodAccessorImpl.invoke(NativeMethodAccessorImpl.java:62)
	at sun.reflect.DelegatingMethodAccessorImpl.invoke(DelegatingMethodAccessorImpl.java:43)
	at java.lang.reflect.Method.invoke(Method.java:498)
	at org.testng.internal.MethodInvocationHelper.invokeMethod(MethodInvocationHelper.java:124)
	at org.testng.internal.Invoker.invokeMethod(Invoker.java:583)
	at org.testng.internal.Invoker.invokeTestMethod(Invoker.java:719)
	at org.testng.internal.Invoker.invokeTestMethods(Invoker.java:989)
	at org.testng.internal.TestMethodWorker.invokeTestMethods(TestMethodWorker.java:125)
	at org.testng.internal.TestMethodWorker.run(TestMethodWorker.java:109)
	at org.testng.TestRunner.privateRun(TestRunner.java:648)
	at org.testng.TestRunner.run(TestRunner.java:505)
	at org.testng.SuiteRunner.runTest(SuiteRunner.java:455)
	at org.testng.SuiteRunner.runSequentially(SuiteRunner.java:450)
	at org.testng.SuiteRunner.privateRun(SuiteRunner.java:415)
	at org.testng.SuiteRunner.run(SuiteRunner.java:364)
	at org.testng.SuiteRunnerWorker.runSuite(SuiteRunnerWorker.java:52)
	at org.testng.SuiteRunnerWorker.run(SuiteRunnerWorker.java:84)
	at org.testng.TestNG.runSuitesSequentially(TestNG.java:1208)
	at org.testng.TestNG.runSuitesLocally(TestNG.java:1137)
	at org.testng.TestNG.runSuites(TestNG.java:1049)
	at org.testng.TestNG.run(TestNG.java:1017)
	at org.testng.remote.AbstractRemoteTestNG.run(AbstractRemoteTestNG.java:114)
	at org.testng.remote.RemoteTestNG.initAndRun(RemoteTestNG.java:251)
	at org.testng.remote.RemoteTestNG.main(RemoteTestNG.java:77)
Caused by: io.cucumber.datatable.UndefinedDataTableTypeException: Can&apos;t convert DataTable to gherkin.ast.DataTable. Please register a DataTableType with a TableTransformer, TableEntryTransformer or TableRowTransformer for class gherkin.ast.DataTable
	at io.cucumber.datatable.UndefinedDataTableTypeException.singletonNoConverterDefined(UndefinedDataTableTypeException.java:15)
	at io.cucumber.datatable.DataTableTypeRegistryTableConverter.toSingleton(DataTableTypeRegistryTableConverter.java:106)
	at io.cucumber.datatable.DataTableTypeRegistryTableConverter.convert(DataTableTypeRegistryTableConverter.java:75)
	at io.cucumber.datatable.DataTable.convert(DataTable.java:336)
	at io.cucumber.stepexpression.StepExpressionFactory$3.transform(StepExpressionFactory.java:72)
	at io.cucumber.stepexpression.DataTableArgument.getValue(DataTableArgument.java:19)
	at cucumber.runtime.PickleStepDefinitionMatch.runStep(PickleStepDefinitionMatch.java:39)
	... 32 more

</div> <!-- stack-trace -->
                  <em>
(Runs Cucumber Scenarios)                  </em>
                </div> <!-- method-content -->
              </div> <!-- method -->
              <div class="method">
                <div class="method-content">
                  <a name="runScenario(&quot;Register an account filling fields with valid credential&quot;, &quot;User Registration&quot;)">
                  </a> <!-- runScenario("Register an account filling fields with valid credential", "User Registration") -->
                  <span class="method-name">runScenario</span>
                  <span class="parameters">("Register an account filling fields with valid credential", "User Registration")</span>
                  <div class="stack-trace">cucumber.runtime.CucumberException: Could not convert arguments for step [I enter personal details:] defined at &apos;com.app.stepdefinitions.RegistrationStepDefs.i_enter_personal_details(DataTable) in file:/Users/busara/Desktop/Projects/demoqa/target/test-classes/&apos;.
It appears you did not register a data table type. The details are in the stacktrace below.
	at cucumber.runtime.PickleStepDefinitionMatch.registerTypeInConfiguration(PickleStepDefinitionMatch.java:59)
	at cucumber.runtime.PickleStepDefinitionMatch.runStep(PickleStepDefinitionMatch.java:42)
	at cucumber.runner.TestStep.executeStep(TestStep.java:55)
	at cucumber.runner.TestStep.run(TestStep.java:42)
	at cucumber.runner.PickleStepTestStep.run(PickleStepTestStep.java:53)
	at cucumber.runner.TestCase.run(TestCase.java:47)
	at cucumber.runner.Runner.runPickle(Runner.java:44)
	at cucumber.api.testng.TestNGCucumberRunner.runScenario(TestNGCucumberRunner.java:56)
	at cucumber.api.testng.AbstractTestNGCucumberTests.runScenario(AbstractTestNGCucumberTests.java:22)
	at sun.reflect.NativeMethodAccessorImpl.invoke0(Native Method)
	at sun.reflect.NativeMethodAccessorImpl.invoke(NativeMethodAccessorImpl.java:62)
	at sun.reflect.DelegatingMethodAccessorImpl.invoke(DelegatingMethodAccessorImpl.java:43)
	at java.lang.reflect.Method.invoke(Method.java:498)
	at org.testng.internal.MethodInvocationHelper.invokeMethod(MethodInvocationHelper.java:124)
	at org.testng.internal.Invoker.invokeMethod(Invoker.java:583)
	at org.testng.internal.Invoker.invokeTestMethod(Invoker.java:719)
	at org.testng.internal.Invoker.invokeTestMethods(Invoker.java:989)
	at org.testng.internal.TestMethodWorker.invokeTestMethods(TestMethodWorker.java:125)
	at org.testng.internal.TestMethodWorker.run(TestMethodWorker.java:109)
	at org.testng.TestRunner.privateRun(TestRunner.java:648)
	at org.testng.TestRunner.run(TestRunner.java:505)
	at org.testng.SuiteRunner.runTest(SuiteRunner.java:455)
	at org.testng.SuiteRunner.runSequentially(SuiteRunner.java:450)
	at org.testng.SuiteRunner.privateRun(SuiteRunner.java:415)
	at org.testng.SuiteRunner.run(SuiteRunner.java:364)
	at org.testng.SuiteRunnerWorker.runSuite(SuiteRunnerWorker.java:52)
	at org.testng.SuiteRunnerWorker.run(SuiteRunnerWorker.java:84)
	at org.testng.TestNG.runSuitesSequentially(TestNG.java:1208)
	at org.testng.TestNG.runSuitesLocally(TestNG.java:1137)
	at org.testng.TestNG.runSuites(TestNG.java:1049)
	at org.testng.TestNG.run(TestNG.java:1017)
	at org.testng.remote.AbstractRemoteTestNG.run(AbstractRemoteTestNG.java:114)
	at org.testng.remote.RemoteTestNG.initAndRun(RemoteTestNG.java:251)
	at org.testng.remote.RemoteTestNG.main(RemoteTestNG.java:77)
Caused by: io.cucumber.datatable.UndefinedDataTableTypeException: Can&apos;t convert DataTable to gherkin.ast.DataTable. Please register a DataTableType with a TableTransformer, TableEntryTransformer or TableRowTransformer for class gherkin.ast.DataTable
	at io.cucumber.datatable.UndefinedDataTableTypeException.singletonNoConverterDefined(UndefinedDataTableTypeException.java:15)
	at io.cucumber.datatable.DataTableTypeRegistryTableConverter.toSingleton(DataTableTypeRegistryTableConverter.java:106)
	at io.cucumber.datatable.DataTableTypeRegistryTableConverter.convert(DataTableTypeRegistryTableConverter.java:75)
	at io.cucumber.datatable.DataTable.convert(DataTable.java:336)
	at io.cucumber.stepexpression.StepExpressionFactory$3.transform(StepExpressionFactory.java:72)
	at io.cucumber.stepexpression.DataTableArgument.getValue(DataTableArgument.java:19)
	at cucumber.runtime.PickleStepDefinitionMatch.runStep(PickleStepDefinitionMatch.java:39)
	... 32 more

</div> <!-- stack-trace -->
                  <em>
(Runs Cucumber Scenarios)                  </em>
                </div> <!-- method-content -->
              </div> <!-- method -->
              <div class="method">
                <div class="method-content">
                  <a name="runScenario(&quot;Unable to register a user if one field was not filled&quot;, &quot;User Registration&quot;)">
                  </a> <!-- runScenario("Unable to register a user if one field was not filled", "User Registration") -->
                  <span class="method-name">runScenario</span>
                  <span class="parameters">("Unable to register a user if one field was not filled", "User Registration")</span>
                  <div class="stack-trace">cucumber.runtime.CucumberException: Could not convert arguments for step [I enter personal details:] defined at &apos;com.app.stepdefinitions.RegistrationStepDefs.i_enter_personal_details(DataTable) in file:/Users/busara/Desktop/Projects/demoqa/target/test-classes/&apos;.
It appears you did not register a data table type. The details are in the stacktrace below.
	at cucumber.runtime.PickleStepDefinitionMatch.registerTypeInConfiguration(PickleStepDefinitionMatch.java:59)
	at cucumber.runtime.PickleStepDefinitionMatch.runStep(PickleStepDefinitionMatch.java:42)
	at cucumber.runner.TestStep.executeStep(TestStep.java:55)
	at cucumber.runner.TestStep.run(TestStep.java:42)
	at cucumber.runner.PickleStepTestStep.run(PickleStepTestStep.java:53)
	at cucumber.runner.TestCase.run(TestCase.java:47)
	at cucumber.runner.Runner.runPickle(Runner.java:44)
	at cucumber.api.testng.TestNGCucumberRunner.runScenario(TestNGCucumberRunner.java:56)
	at cucumber.api.testng.AbstractTestNGCucumberTests.runScenario(AbstractTestNGCucumberTests.java:22)
	at sun.reflect.NativeMethodAccessorImpl.invoke0(Native Method)
	at sun.reflect.NativeMethodAccessorImpl.invoke(NativeMethodAccessorImpl.java:62)
	at sun.reflect.DelegatingMethodAccessorImpl.invoke(DelegatingMethodAccessorImpl.java:43)
	at java.lang.reflect.Method.invoke(Method.java:498)
	at org.testng.internal.MethodInvocationHelper.invokeMethod(MethodInvocationHelper.java:124)
	at org.testng.internal.Invoker.invokeMethod(Invoker.java:583)
	at org.testng.internal.Invoker.invokeTestMethod(Invoker.java:719)
	at org.testng.internal.Invoker.invokeTestMethods(Invoker.java:989)
	at org.testng.internal.TestMethodWorker.invokeTestMethods(TestMethodWorker.java:125)
	at org.testng.internal.TestMethodWorker.run(TestMethodWorker.java:109)
	at org.testng.TestRunner.privateRun(TestRunner.java:648)
	at org.testng.TestRunner.run(TestRunner.java:505)
	at org.testng.SuiteRunner.runTest(SuiteRunner.java:455)
	at org.testng.SuiteRunner.runSequentially(SuiteRunner.java:450)
	at org.testng.SuiteRunner.privateRun(SuiteRunner.java:415)
	at org.testng.SuiteRunner.run(SuiteRunner.java:364)
	at org.testng.SuiteRunnerWorker.runSuite(SuiteRunnerWorker.java:52)
	at org.testng.SuiteRunnerWorker.run(SuiteRunnerWorker.java:84)
	at org.testng.TestNG.runSuitesSequentially(TestNG.java:1208)
	at org.testng.TestNG.runSuitesLocally(TestNG.java:1137)
	at org.testng.TestNG.runSuites(TestNG.java:1049)
	at org.testng.TestNG.run(TestNG.java:1017)
	at org.testng.remote.AbstractRemoteTestNG.run(AbstractRemoteTestNG.java:114)
	at org.testng.remote.RemoteTestNG.initAndRun(RemoteTestNG.java:251)
	at org.testng.remote.RemoteTestNG.main(RemoteTestNG.java:77)
Caused by: io.cucumber.datatable.UndefinedDataTableTypeException: Can&apos;t convert DataTable to gherkin.ast.DataTable. Please register a DataTableType with a TableTransformer, TableEntryTransformer or TableRowTransformer for class gherkin.ast.DataTable
	at io.cucumber.datatable.UndefinedDataTableTypeException.singletonNoConverterDefined(UndefinedDataTableTypeException.java:15)
	at io.cucumber.datatable.DataTableTypeRegistryTableConverter.toSingleton(DataTableTypeRegistryTableConverter.java:106)
	at io.cucumber.datatable.DataTableTypeRegistryTableConverter.convert(DataTableTypeRegistryTableConverter.java:75)
	at io.cucumber.datatable.DataTable.convert(DataTable.java:336)
	at io.cucumber.stepexpression.StepExpressionFactory$3.transform(StepExpressionFactory.java:72)
	at io.cucumber.stepexpression.DataTableArgument.getValue(DataTableArgument.java:19)
	at cucumber.runtime.PickleStepDefinitionMatch.runStep(PickleStepDefinitionMatch.java:39)
	... 32 more

</div> <!-- stack-trace -->
                  <em>
(Runs Cucumber Scenarios)                  </em>
                </div> <!-- method-content -->
              </div> <!-- method -->
              <div class="method">
                <div class="method-content">
                  <a name="runScenario(&quot;All fields are present on the registration page&quot;, &quot;User Registration&quot;)">
                  </a> <!-- runScenario("All fields are present on the registration page", "User Registration") -->
                  <span class="method-name">runScenario</span>
                  <span class="parameters">("All fields are present on the registration page", "User Registration")</span>
                  <div class="stack-trace">org.testng.SkipException: cucumber.api.PendingException: TODO: implement me
	at com.app.stepdefinitions.RegistrationStepDefs.i_should_see(RegistrationStepDefs.java:32)
	at ✽.I should see &quot;Registration Form&quot;(src/test/resources/com/app/features/UserInterfaceTests.feature:6)

	at cucumber.api.testng.TestCaseResultListener.getError(TestCaseResultListener.java:52)
	at cucumber.api.testng.TestNGCucumberRunner.runScenario(TestNGCucumberRunner.java:59)
	at cucumber.api.testng.AbstractTestNGCucumberTests.runScenario(AbstractTestNGCucumberTests.java:22)
	at sun.reflect.NativeMethodAccessorImpl.invoke0(Native Method)
	at sun.reflect.NativeMethodAccessorImpl.invoke(NativeMethodAccessorImpl.java:62)
	at sun.reflect.DelegatingMethodAccessorImpl.invoke(DelegatingMethodAccessorImpl.java:43)
	at java.lang.reflect.Method.invoke(Method.java:498)
	at org.testng.internal.MethodInvocationHelper.invokeMethod(MethodInvocationHelper.java:124)
	at org.testng.internal.Invoker.invokeMethod(Invoker.java:583)
	at org.testng.internal.Invoker.invokeTestMethod(Invoker.java:719)
	at org.testng.internal.Invoker.invokeTestMethods(Invoker.java:989)
	at org.testng.internal.TestMethodWorker.invokeTestMethods(TestMethodWorker.java:125)
	at org.testng.internal.TestMethodWorker.run(TestMethodWorker.java:109)
	at org.testng.TestRunner.privateRun(TestRunner.java:648)
	at org.testng.TestRunner.run(TestRunner.java:505)
	at org.testng.SuiteRunner.runTest(SuiteRunner.java:455)
	at org.testng.SuiteRunner.runSequentially(SuiteRunner.java:450)
	at org.testng.SuiteRunner.privateRun(SuiteRunner.java:415)
	at org.testng.SuiteRunner.run(SuiteRunner.java:364)
	at org.testng.SuiteRunnerWorker.runSuite(SuiteRunnerWorker.java:52)
	at org.testng.SuiteRunnerWorker.run(SuiteRunnerWorker.java:84)
	at org.testng.TestNG.runSuitesSequentially(TestNG.java:1208)
	at org.testng.TestNG.runSuitesLocally(TestNG.java:1137)
	at org.testng.TestNG.runSuites(TestNG.java:1049)
	at org.testng.TestNG.run(TestNG.java:1017)
	at org.testng.remote.AbstractRemoteTestNG.run(AbstractRemoteTestNG.java:114)
	at org.testng.remote.RemoteTestNG.initAndRun(RemoteTestNG.java:251)
	at org.testng.remote.RemoteTestNG.main(RemoteTestNG.java:77)
Caused by: cucumber.api.PendingException: TODO: implement me
	at com.app.stepdefinitions.RegistrationStepDefs.i_should_see(RegistrationStepDefs.java:32)
	at ✽.I should see &quot;Registration Form&quot;(src/test/resources/com/app/features/UserInterfaceTests.feature:6)

</div> <!-- stack-trace -->
                  <em>
(Runs Cucumber Scenarios)                  </em>
                </div> <!-- method-content -->
              </div> <!-- method -->
              <div class="method">
                <div class="method-content">
                  <a name="runScenario(&quot;Unable to register a user if one field was not filled&quot;, &quot;User Registration&quot;)">
                  </a> <!-- runScenario("Unable to register a user if one field was not filled", "User Registration") -->
                  <span class="method-name">runScenario</span>
                  <span class="parameters">("Unable to register a user if one field was not filled", "User Registration")</span>
                  <div class="stack-trace">cucumber.runtime.CucumberException: Could not convert arguments for step [I enter personal details:] defined at &apos;com.app.stepdefinitions.RegistrationStepDefs.i_enter_personal_details(DataTable) in file:/Users/busara/Desktop/Projects/demoqa/target/test-classes/&apos;.
It appears you did not register a data table type. The details are in the stacktrace below.
	at cucumber.runtime.PickleStepDefinitionMatch.registerTypeInConfiguration(PickleStepDefinitionMatch.java:59)
	at cucumber.runtime.PickleStepDefinitionMatch.runStep(PickleStepDefinitionMatch.java:42)
	at cucumber.runner.TestStep.executeStep(TestStep.java:55)
	at cucumber.runner.TestStep.run(TestStep.java:42)
	at cucumber.runner.PickleStepTestStep.run(PickleStepTestStep.java:53)
	at cucumber.runner.TestCase.run(TestCase.java:47)
	at cucumber.runner.Runner.runPickle(Runner.java:44)
	at cucumber.api.testng.TestNGCucumberRunner.runScenario(TestNGCucumberRunner.java:56)
	at cucumber.api.testng.AbstractTestNGCucumberTests.runScenario(AbstractTestNGCucumberTests.java:22)
	at sun.reflect.NativeMethodAccessorImpl.invoke0(Native Method)
	at sun.reflect.NativeMethodAccessorImpl.invoke(NativeMethodAccessorImpl.java:62)
	at sun.reflect.DelegatingMethodAccessorImpl.invoke(DelegatingMethodAccessorImpl.java:43)
	at java.lang.reflect.Method.invoke(Method.java:498)
	at org.testng.internal.MethodInvocationHelper.invokeMethod(MethodInvocationHelper.java:124)
	at org.testng.internal.Invoker.invokeMethod(Invoker.java:583)
	at org.testng.internal.Invoker.invokeTestMethod(Invoker.java:719)
	at org.testng.internal.Invoker.invokeTestMethods(Invoker.java:989)
	at org.testng.internal.TestMethodWorker.invokeTestMethods(TestMethodWorker.java:125)
	at org.testng.internal.TestMethodWorker.run(TestMethodWorker.java:109)
	at org.testng.TestRunner.privateRun(TestRunner.java:648)
	at org.testng.TestRunner.run(TestRunner.java:505)
	at org.testng.SuiteRunner.runTest(SuiteRunner.java:455)
	at org.testng.SuiteRunner.runSequentially(SuiteRunner.java:450)
	at org.testng.SuiteRunner.privateRun(SuiteRunner.java:415)
	at org.testng.SuiteRunner.run(SuiteRunner.java:364)
	at org.testng.SuiteRunnerWorker.runSuite(SuiteRunnerWorker.java:52)
	at org.testng.SuiteRunnerWorker.run(SuiteRunnerWorker.java:84)
	at org.testng.TestNG.runSuitesSequentially(TestNG.java:1208)
	at org.testng.TestNG.runSuitesLocally(TestNG.java:1137)
	at org.testng.TestNG.runSuites(TestNG.java:1049)
	at org.testng.TestNG.run(TestNG.java:1017)
	at org.testng.remote.AbstractRemoteTestNG.run(AbstractRemoteTestNG.java:114)
	at org.testng.remote.RemoteTestNG.initAndRun(RemoteTestNG.java:251)
	at org.testng.remote.RemoteTestNG.main(RemoteTestNG.java:77)
Caused by: io.cucumber.datatable.UndefinedDataTableTypeException: Can&apos;t convert DataTable to gherkin.ast.DataTable. Please register a DataTableType with a TableTransformer, TableEntryTransformer or TableRowTransformer for class gherkin.ast.DataTable
	at io.cucumber.datatable.UndefinedDataTableTypeException.singletonNoConverterDefined(UndefinedDataTableTypeException.java:15)
	at io.cucumber.datatable.DataTableTypeRegistryTableConverter.toSingleton(DataTableTypeRegistryTableConverter.java:106)
	at io.cucumber.datatable.DataTableTypeRegistryTableConverter.convert(DataTableTypeRegistryTableConverter.java:75)
	at io.cucumber.datatable.DataTable.convert(DataTable.java:336)
	at io.cucumber.stepexpression.StepExpressionFactory$3.transform(StepExpressionFactory.java:72)
	at io.cucumber.stepexpression.DataTableArgument.getValue(DataTableArgument.java:19)
	at cucumber.runtime.PickleStepDefinitionMatch.runStep(PickleStepDefinitionMatch.java:39)
	... 32 more

</div> <!-- stack-trace -->
                  <em>
(Runs Cucumber Scenarios)                  </em>
                </div> <!-- method-content -->
              </div> <!-- method -->
              <div class="method">
                <div class="method-content">
                  <a name="runScenario(&quot;Unable to register a user if one field was not filled&quot;, &quot;User Registration&quot;)">
                  </a> <!-- runScenario("Unable to register a user if one field was not filled", "User Registration") -->
                  <span class="method-name">runScenario</span>
                  <span class="parameters">("Unable to register a user if one field was not filled", "User Registration")</span>
                  <div class="stack-trace">cucumber.runtime.CucumberException: Could not convert arguments for step [I enter personal details:] defined at &apos;com.app.stepdefinitions.RegistrationStepDefs.i_enter_personal_details(DataTable) in file:/Users/busara/Desktop/Projects/demoqa/target/test-classes/&apos;.
It appears you did not register a data table type. The details are in the stacktrace below.
	at cucumber.runtime.PickleStepDefinitionMatch.registerTypeInConfiguration(PickleStepDefinitionMatch.java:59)
	at cucumber.runtime.PickleStepDefinitionMatch.runStep(PickleStepDefinitionMatch.java:42)
	at cucumber.runner.TestStep.executeStep(TestStep.java:55)
	at cucumber.runner.TestStep.run(TestStep.java:42)
	at cucumber.runner.PickleStepTestStep.run(PickleStepTestStep.java:53)
	at cucumber.runner.TestCase.run(TestCase.java:47)
	at cucumber.runner.Runner.runPickle(Runner.java:44)
	at cucumber.api.testng.TestNGCucumberRunner.runScenario(TestNGCucumberRunner.java:56)
	at cucumber.api.testng.AbstractTestNGCucumberTests.runScenario(AbstractTestNGCucumberTests.java:22)
	at sun.reflect.NativeMethodAccessorImpl.invoke0(Native Method)
	at sun.reflect.NativeMethodAccessorImpl.invoke(NativeMethodAccessorImpl.java:62)
	at sun.reflect.DelegatingMethodAccessorImpl.invoke(DelegatingMethodAccessorImpl.java:43)
	at java.lang.reflect.Method.invoke(Method.java:498)
	at org.testng.internal.MethodInvocationHelper.invokeMethod(MethodInvocationHelper.java:124)
	at org.testng.internal.Invoker.invokeMethod(Invoker.java:583)
	at org.testng.internal.Invoker.invokeTestMethod(Invoker.java:719)
	at org.testng.internal.Invoker.invokeTestMethods(Invoker.java:989)
	at org.testng.internal.TestMethodWorker.invokeTestMethods(TestMethodWorker.java:125)
	at org.testng.internal.TestMethodWorker.run(TestMethodWorker.java:109)
	at org.testng.TestRunner.privateRun(TestRunner.java:648)
	at org.testng.TestRunner.run(TestRunner.java:505)
	at org.testng.SuiteRunner.runTest(SuiteRunner.java:455)
	at org.testng.SuiteRunner.runSequentially(SuiteRunner.java:450)
	at org.testng.SuiteRunner.privateRun(SuiteRunner.java:415)
	at org.testng.SuiteRunner.run(SuiteRunner.java:364)
	at org.testng.SuiteRunnerWorker.runSuite(SuiteRunnerWorker.java:52)
	at org.testng.SuiteRunnerWorker.run(SuiteRunnerWorker.java:84)
	at org.testng.TestNG.runSuitesSequentially(TestNG.java:1208)
	at org.testng.TestNG.runSuitesLocally(TestNG.java:1137)
	at org.testng.TestNG.runSuites(TestNG.java:1049)
	at org.testng.TestNG.run(TestNG.java:1017)
	at org.testng.remote.AbstractRemoteTestNG.run(AbstractRemoteTestNG.java:114)
	at org.testng.remote.RemoteTestNG.initAndRun(RemoteTestNG.java:251)
	at org.testng.remote.RemoteTestNG.main(RemoteTestNG.java:77)
Caused by: io.cucumber.datatable.UndefinedDataTableTypeException: Can&apos;t convert DataTable to gherkin.ast.DataTable. Please register a DataTableType with a TableTransformer, TableEntryTransformer or TableRowTransformer for class gherkin.ast.DataTable
	at io.cucumber.datatable.UndefinedDataTableTypeException.singletonNoConverterDefined(UndefinedDataTableTypeException.java:15)
	at io.cucumber.datatable.DataTableTypeRegistryTableConverter.toSingleton(DataTableTypeRegistryTableConverter.java:106)
	at io.cucumber.datatable.DataTableTypeRegistryTableConverter.convert(DataTableTypeRegistryTableConverter.java:75)
	at io.cucumber.datatable.DataTable.convert(DataTable.java:336)
	at io.cucumber.stepexpression.StepExpressionFactory$3.transform(StepExpressionFactory.java:72)
	at io.cucumber.stepexpression.DataTableArgument.getValue(DataTableArgument.java:19)
	at cucumber.runtime.PickleStepDefinitionMatch.runStep(PickleStepDefinitionMatch.java:39)
	... 32 more

</div> <!-- stack-trace -->
                  <em>
(Runs Cucumber Scenarios)                  </em>
                </div> <!-- method-content -->
              </div> <!-- method -->
              <div class="method">
                <div class="method-content">
                  <a name="runScenario(&quot;Unable to register a user if one field was not filled&quot;, &quot;User Registration&quot;)">
                  </a> <!-- runScenario("Unable to register a user if one field was not filled", "User Registration") -->
                  <span class="method-name">runScenario</span>
                  <span class="parameters">("Unable to register a user if one field was not filled", "User Registration")</span>
                  <div class="stack-trace">org.openqa.selenium.WebDriverException: unknown error: cannot determine loading status
from disconnected: received Inspector.detached event
  (Session info: chrome=67.0.3396.79)
  (Driver info: chromedriver=2.40.565386 (45a059dc425e08165f9a10324bd1380cc13ca363),platform=Mac OS X 10.13.4 x86_64) (WARNING: The server did not provide any stacktrace information)
Command duration or timeout: 0 milliseconds
Build info: version: &apos;3.12.0&apos;, revision: &apos;7c6e0b3&apos;, time: &apos;2018-05-08T14:04:26.12Z&apos;
System info: host: &apos;Busaras-MacBook-Pro.local&apos;, ip: &apos;2600:8806:300:8b70:21a1:ba63:3789:2b0d&apos;, os.name: &apos;Mac OS X&apos;, os.arch: &apos;x86_64&apos;, os.version: &apos;10.13.4&apos;, java.version: &apos;1.8.0_121&apos;
Driver info: org.openqa.selenium.chrome.ChromeDriver
Capabilities {acceptInsecureCerts: false, acceptSslCerts: false, applicationCacheEnabled: false, browserConnectionEnabled: false, browserName: chrome, chrome: {chromedriverVersion: 2.40.565386 (45a059dc425e08..., userDataDir: /var/folders/8g/mjdxf7k575n...}, cssSelectorsEnabled: true, databaseEnabled: false, handlesAlerts: true, hasTouchScreen: false, javascriptEnabled: true, locationContextEnabled: true, mobileEmulationEnabled: false, nativeEvents: true, networkConnectionEnabled: false, pageLoadStrategy: normal, platform: MAC, platformName: MAC, rotatable: false, setWindowRect: true, takesHeapSnapshot: true, takesScreenshot: true, unexpectedAlertBehaviour: , unhandledPromptBehavior: , version: 67.0.3396.79, webStorageEnabled: true}
Session ID: b25740f4566071ad398a60b76678b8ba
	at sun.reflect.NativeConstructorAccessorImpl.newInstance0(Native Method)
	at sun.reflect.NativeConstructorAccessorImpl.newInstance(NativeConstructorAccessorImpl.java:62)
	at sun.reflect.DelegatingConstructorAccessorImpl.newInstance(DelegatingConstructorAccessorImpl.java:45)
	at java.lang.reflect.Constructor.newInstance(Constructor.java:423)
	at org.openqa.selenium.remote.ErrorHandler.createThrowable(ErrorHandler.java:214)
	at org.openqa.selenium.remote.ErrorHandler.throwIfResponseFailed(ErrorHandler.java:166)
	at org.openqa.selenium.remote.http.JsonHttpResponseCodec.reconstructValue(JsonHttpResponseCodec.java:40)
	at org.openqa.selenium.remote.http.AbstractHttpResponseCodec.decode(AbstractHttpResponseCodec.java:80)
	at org.openqa.selenium.remote.http.AbstractHttpResponseCodec.decode(AbstractHttpResponseCodec.java:44)
	at org.openqa.selenium.remote.HttpCommandExecutor.execute(HttpCommandExecutor.java:158)
	at org.openqa.selenium.remote.service.DriverCommandExecutor.execute(DriverCommandExecutor.java:83)
	at org.openqa.selenium.remote.RemoteWebDriver.execute(RemoteWebDriver.java:543)
	at org.openqa.selenium.remote.RemoteWebDriver.get(RemoteWebDriver.java:271)
	at com.app.stepdefinitions.RegistrationStepDefs.i_navigate_to_the_registration_page(RegistrationStepDefs.java:23)
	at ✽.I navigate to the registration page(src/test/resources/com/app/features/UserInterfaceTests.feature:51)

</div> <!-- stack-trace -->
                  <em>
(Runs Cucumber Scenarios)                  </em>
                </div> <!-- method-content -->
              </div> <!-- method -->
              <div class="method">
                <div class="method-content">
                  <a name="runScenario(&quot;Register an account filling fields with valid credential&quot;, &quot;User Registration&quot;)">
                  </a> <!-- runScenario("Register an account filling fields with valid credential", "User Registration") -->
                  <span class="method-name">runScenario</span>
                  <span class="parameters">("Register an account filling fields with valid credential", "User Registration")</span>
                  <div class="stack-trace">cucumber.runtime.CucumberException: Could not convert arguments for step [I enter personal details:] defined at &apos;com.app.stepdefinitions.RegistrationStepDefs.i_enter_personal_details(DataTable) in file:/Users/busara/Desktop/Projects/demoqa/target/test-classes/&apos;.
It appears you did not register a data table type. The details are in the stacktrace below.
	at cucumber.runtime.PickleStepDefinitionMatch.registerTypeInConfiguration(PickleStepDefinitionMatch.java:59)
	at cucumber.runtime.PickleStepDefinitionMatch.runStep(PickleStepDefinitionMatch.java:42)
	at cucumber.runner.TestStep.executeStep(TestStep.java:55)
	at cucumber.runner.TestStep.run(TestStep.java:42)
	at cucumber.runner.PickleStepTestStep.run(PickleStepTestStep.java:53)
	at cucumber.runner.TestCase.run(TestCase.java:47)
	at cucumber.runner.Runner.runPickle(Runner.java:44)
	at cucumber.api.testng.TestNGCucumberRunner.runScenario(TestNGCucumberRunner.java:56)
	at cucumber.api.testng.AbstractTestNGCucumberTests.runScenario(AbstractTestNGCucumberTests.java:22)
	at sun.reflect.NativeMethodAccessorImpl.invoke0(Native Method)
	at sun.reflect.NativeMethodAccessorImpl.invoke(NativeMethodAccessorImpl.java:62)
	at sun.reflect.DelegatingMethodAccessorImpl.invoke(DelegatingMethodAccessorImpl.java:43)
	at java.lang.reflect.Method.invoke(Method.java:498)
	at org.testng.internal.MethodInvocationHelper.invokeMethod(MethodInvocationHelper.java:124)
	at org.testng.internal.Invoker.invokeMethod(Invoker.java:583)
	at org.testng.internal.Invoker.invokeTestMethod(Invoker.java:719)
	at org.testng.internal.Invoker.invokeTestMethods(Invoker.java:989)
	at org.testng.internal.TestMethodWorker.invokeTestMethods(TestMethodWorker.java:125)
	at org.testng.internal.TestMethodWorker.run(TestMethodWorker.java:109)
	at org.testng.TestRunner.privateRun(TestRunner.java:648)
	at org.testng.TestRunner.run(TestRunner.java:505)
	at org.testng.SuiteRunner.runTest(SuiteRunner.java:455)
	at org.testng.SuiteRunner.runSequentially(SuiteRunner.java:450)
	at org.testng.SuiteRunner.privateRun(SuiteRunner.java:415)
	at org.testng.SuiteRunner.run(SuiteRunner.java:364)
	at org.testng.SuiteRunnerWorker.runSuite(SuiteRunnerWorker.java:52)
	at org.testng.SuiteRunnerWorker.run(SuiteRunnerWorker.java:84)
	at org.testng.TestNG.runSuitesSequentially(TestNG.java:1208)
	at org.testng.TestNG.runSuitesLocally(TestNG.java:1137)
	at org.testng.TestNG.runSuites(TestNG.java:1049)
	at org.testng.TestNG.run(TestNG.java:1017)
	at org.testng.remote.AbstractRemoteTestNG.run(AbstractRemoteTestNG.java:114)
	at org.testng.remote.RemoteTestNG.initAndRun(RemoteTestNG.java:251)
	at org.testng.remote.RemoteTestNG.main(RemoteTestNG.java:77)
Caused by: io.cucumber.datatable.UndefinedDataTableTypeException: Can&apos;t convert DataTable to gherkin.ast.DataTable. Please register a DataTableType with a TableTransformer, TableEntryTransformer or TableRowTransformer for class gherkin.ast.DataTable
	at io.cucumber.datatable.UndefinedDataTableTypeException.singletonNoConverterDefined(UndefinedDataTableTypeException.java:15)
	at io.cucumber.datatable.DataTableTypeRegistryTableConverter.toSingleton(DataTableTypeRegistryTableConverter.java:106)
	at io.cucumber.datatable.DataTableTypeRegistryTableConverter.convert(DataTableTypeRegistryTableConverter.java:75)
	at io.cucumber.datatable.DataTable.convert(DataTable.java:336)
	at io.cucumber.stepexpression.StepExpressionFactory$3.transform(StepExpressionFactory.java:72)
	at io.cucumber.stepexpression.DataTableArgument.getValue(DataTableArgument.java:19)
	at cucumber.runtime.PickleStepDefinitionMatch.runStep(PickleStepDefinitionMatch.java:39)
	... 32 more

</div> <!-- stack-trace -->
                  <em>
(Runs Cucumber Scenarios)                  </em>
                </div> <!-- method-content -->
              </div> <!-- method -->
            </div> <!-- main-panel-content rounded-window-bottom -->
          </div> <!-- suite-Default_suite-class-skipped -->
        </div> <!-- panel Default_suite -->
        <div panel-name="test-xml-Default_suite" class="panel">
          <div class="main-panel-header rounded-window-top">
            <span class="header-content">/private/var/folders/8g/mjdxf7k575n8hlnsq0xkx_5r0000gn/T/testng-eclipse--707136223/testng-customsuite.xml</span>
          </div> <!-- main-panel-header rounded-window-top -->
          <div class="main-panel-content rounded-window-bottom">
            <pre>
&lt;?xml version=&quot;1.0&quot; encoding=&quot;UTF-8&quot;?&gt;
&lt;!DOCTYPE suite SYSTEM &quot;http://testng.org/testng-1.0.dtd&quot;&gt;
&lt;suite guice-stage=&quot;DEVELOPMENT&quot; name=&quot;Default suite&quot;&gt;
  &lt;test thread-count=&quot;5&quot; verbose=&quot;2&quot; name=&quot;Default test&quot;&gt;
    &lt;classes&gt;
      &lt;class name=&quot;com.app.runners.CukesRunner&quot;/&gt;
    &lt;/classes&gt;
  &lt;/test&gt; &lt;!-- Default test --&gt;
&lt;/suite&gt; &lt;!-- Default suite --&gt;
            </pre>
          </div> <!-- main-panel-content rounded-window-bottom -->
        </div> <!-- panel -->
        <div panel-name="testlist-Default_suite" class="panel">
          <div class="main-panel-header rounded-window-top">
            <span class="header-content">Tests for Default suite</span>
          </div> <!-- main-panel-header rounded-window-top -->
          <div class="main-panel-content rounded-window-bottom">
            <ul>
              <li>
                <span class="test-name">Default test (1 class)</span>
              </li>
            </ul>
          </div> <!-- main-panel-content rounded-window-bottom -->
        </div> <!-- panel -->
        <div panel-name="group-Default_suite" class="panel">
          <div class="main-panel-header rounded-window-top">
            <span class="header-content">Groups for Default suite</span>
          </div> <!-- main-panel-header rounded-window-top -->
          <div class="main-panel-content rounded-window-bottom">
            <div class="test-group">
              <span class="test-group-name">cucumber</span>
              <br/>
              <div class="method-in-group">
                <span class="method-in-group-name">runScenario</span>
                <br/>
              </div> <!-- method-in-group -->
            </div> <!-- test-group -->
          </div> <!-- main-panel-content rounded-window-bottom -->
        </div> <!-- panel -->
        <div panel-name="times-Default_suite" class="panel">
          <div class="main-panel-header rounded-window-top">
            <span class="header-content">Times for Default suite</span>
          </div> <!-- main-panel-header rounded-window-top -->
          <div class="main-panel-content rounded-window-bottom">
            <div class="times-div">
              <script type="text/javascript">
suiteTableInitFunctions.push('tableData_Default_suite');
function tableData_Default_suite() {
var data = new google.visualization.DataTable();
data.addColumn('number', 'Number');
data.addColumn('string', 'Method');
data.addColumn('string', 'Class');
data.addColumn('number', 'Time (ms)');
data.addRows(15);
data.setCell(0, 0, 0)
data.setCell(0, 1, 'runScenario')
data.setCell(0, 2, 'com.app.runners.CukesRunner')
data.setCell(0, 3, 4549);
data.setCell(1, 0, 1)
data.setCell(1, 1, 'runScenario')
data.setCell(1, 2, 'com.app.runners.CukesRunner')
data.setCell(1, 3, 595);
data.setCell(2, 0, 2)
data.setCell(2, 1, 'runScenario')
data.setCell(2, 2, 'com.app.runners.CukesRunner')
data.setCell(2, 3, 324);
data.setCell(3, 0, 3)
data.setCell(3, 1, 'runScenario')
data.setCell(3, 2, 'com.app.runners.CukesRunner')
data.setCell(3, 3, 292);
data.setCell(4, 0, 4)
data.setCell(4, 1, 'runScenario')
data.setCell(4, 2, 'com.app.runners.CukesRunner')
data.setCell(4, 3, 281);
data.setCell(5, 0, 5)
data.setCell(5, 1, 'runScenario')
data.setCell(5, 2, 'com.app.runners.CukesRunner')
data.setCell(5, 3, 267);
data.setCell(6, 0, 6)
data.setCell(6, 1, 'runScenario')
data.setCell(6, 2, 'com.app.runners.CukesRunner')
data.setCell(6, 3, 266);
data.setCell(7, 0, 7)
data.setCell(7, 1, 'runScenario')
data.setCell(7, 2, 'com.app.runners.CukesRunner')
data.setCell(7, 3, 264);
data.setCell(8, 0, 8)
data.setCell(8, 1, 'runScenario')
data.setCell(8, 2, 'com.app.runners.CukesRunner')
data.setCell(8, 3, 257);
data.setCell(9, 0, 9)
data.setCell(9, 1, 'runScenario')
data.setCell(9, 2, 'com.app.runners.CukesRunner')
data.setCell(9, 3, 255);
data.setCell(10, 0, 10)
data.setCell(10, 1, 'runScenario')
data.setCell(10, 2, 'com.app.runners.CukesRunner')
data.setCell(10, 3, 249);
data.setCell(11, 0, 11)
data.setCell(11, 1, 'runScenario')
data.setCell(11, 2, 'com.app.runners.CukesRunner')
data.setCell(11, 3, 237);
data.setCell(12, 0, 12)
data.setCell(12, 1, 'runScenario')
data.setCell(12, 2, 'com.app.runners.CukesRunner')
data.setCell(12, 3, 227);
data.setCell(13, 0, 13)
data.setCell(13, 1, 'runScenario')
data.setCell(13, 2, 'com.app.runners.CukesRunner')
data.setCell(13, 3, 218);
data.setCell(14, 0, 14)
data.setCell(14, 1, 'runScenario')
data.setCell(14, 2, 'com.app.runners.CukesRunner')
data.setCell(14, 3, 114);
window.suiteTableData['Default_suite']= { tableData: data, tableDiv: 'times-div-Default_suite'}
return data;
}
              </script>
              <span class="suite-total-time">Total running time: 8 seconds</span>
              <div id="times-div-Default_suite">
              </div> <!-- times-div-Default_suite -->
            </div> <!-- times-div -->
          </div> <!-- main-panel-content rounded-window-bottom -->
        </div> <!-- panel -->
        <div panel-name="reporter-Default_suite" class="panel">
          <div class="main-panel-header rounded-window-top">
            <span class="header-content">Reporter output for Default suite</span>
          </div> <!-- main-panel-header rounded-window-top -->
          <div class="main-panel-content rounded-window-bottom">
            <div class="reporter-method-div">
              <span class="reporter-method-name">runScenario("Register an account filling fields with valid credential", "User Registration")</span>
              <div class="reporter-method-output-div">
                <span class="reporter-method-output"><div "result">I navigate to the registration page (PASSED : 0s)</div></span>
                <span class="reporter-method-output"><div "result">I enter personal details: (FAILED : 0s)</div></span>
                <span class="reporter-method-output"><div "result">I click on Continue (SKIPPED)</div></span>
                <span class="reporter-method-output"><div "result">I should see &quot;Thank you for your registration&quot; (SKIPPED)</div></span>
              </div> <!-- reporter-method-output-div -->
            </div> <!-- reporter-method-div -->
            <div class="reporter-method-div">
              <span class="reporter-method-name">runScenario("Unable to register a user if one field was not filled", "User Registration")</span>
              <div class="reporter-method-output-div">
                <span class="reporter-method-output"><div "result">I navigate to the registration page (PASSED : 0s)</div></span>
                <span class="reporter-method-output"><div "result">I enter personal details: (FAILED : 0s)</div></span>
                <span class="reporter-method-output"><div "result">I click on Continue (SKIPPED)</div></span>
                <span class="reporter-method-output"><div "result">warning alert should be displayed (SKIPPED)</div></span>
                <span class="reporter-method-output"><div "result">I should not see &quot;Thank you for your registration&quot; (SKIPPED)</div></span>
              </div> <!-- reporter-method-output-div -->
            </div> <!-- reporter-method-div -->
            <div class="reporter-method-div">
              <span class="reporter-method-name">runScenario("Unable to register a user if one field was not filled", "User Registration")</span>
              <div class="reporter-method-output-div">
                <span class="reporter-method-output"><div "result">I navigate to the registration page (PASSED : 0s)</div></span>
                <span class="reporter-method-output"><div "result">I enter personal details: (FAILED : 0s)</div></span>
                <span class="reporter-method-output"><div "result">I click on Continue (SKIPPED)</div></span>
                <span class="reporter-method-output"><div "result">warning alert should be displayed (SKIPPED)</div></span>
                <span class="reporter-method-output"><div "result">I should not see &quot;Thank you for your registration&quot; (SKIPPED)</div></span>
              </div> <!-- reporter-method-output-div -->
            </div> <!-- reporter-method-div -->
            <div class="reporter-method-div">
              <span class="reporter-method-name">runScenario("Unable to register a user if one field was not filled", "User Registration")</span>
              <div class="reporter-method-output-div">
                <span class="reporter-method-output"><div "result">I navigate to the registration page (PASSED : 0s)</div></span>
                <span class="reporter-method-output"><div "result">I enter personal details: (FAILED : 0s)</div></span>
                <span class="reporter-method-output"><div "result">I click on Continue (SKIPPED)</div></span>
                <span class="reporter-method-output"><div "result">warning alert should be displayed (SKIPPED)</div></span>
                <span class="reporter-method-output"><div "result">I should not see &quot;Thank you for your registration&quot; (SKIPPED)</div></span>
              </div> <!-- reporter-method-output-div -->
            </div> <!-- reporter-method-div -->
            <div class="reporter-method-div">
              <span class="reporter-method-name">runScenario("Register an account filling fields with valid credential", "User Registration")</span>
              <div class="reporter-method-output-div">
                <span class="reporter-method-output"><div "result">I navigate to the registration page (PASSED : 0s)</div></span>
                <span class="reporter-method-output"><div "result">I enter personal details: (FAILED : 0s)</div></span>
                <span class="reporter-method-output"><div "result">I click on Continue (SKIPPED)</div></span>
                <span class="reporter-method-output"><div "result">I should see &quot;Thank you for your registration&quot; (SKIPPED)</div></span>
              </div> <!-- reporter-method-output-div -->
            </div> <!-- reporter-method-div -->
            <div class="reporter-method-div">
              <span class="reporter-method-name">runScenario("Click on Submit button without filling any fields", "User Registration")</span>
              <div class="reporter-method-output-div">
                <span class="reporter-method-output"><div "result">I navigate to the registration page (PASSED : 0s)</div></span>
                <span class="reporter-method-output"><div "result">I click on Submit (PENDING : 0s)</div></span>
                <span class="reporter-method-output"><div "result">warning alert should be displayed: (SKIPPED)</div></span>
              </div> <!-- reporter-method-output-div -->
            </div> <!-- reporter-method-div -->
            <div class="reporter-method-div">
              <span class="reporter-method-name">runScenario("Unable to register a user if one field was not filled", "User Registration")</span>
              <div class="reporter-method-output-div">
                <span class="reporter-method-output"><div "result">I navigate to the registration page (PASSED : 0s)</div></span>
                <span class="reporter-method-output"><div "result">I enter personal details: (FAILED : 0s)</div></span>
                <span class="reporter-method-output"><div "result">I click on Continue (SKIPPED)</div></span>
                <span class="reporter-method-output"><div "result">warning alert should be displayed (SKIPPED)</div></span>
                <span class="reporter-method-output"><div "result">I should not see &quot;Thank you for your registration&quot; (SKIPPED)</div></span>
              </div> <!-- reporter-method-output-div -->
            </div> <!-- reporter-method-div -->
            <div class="reporter-method-div">
              <span class="reporter-method-name">runScenario("Register an account filling fields with valid credential", "User Registration")</span>
              <div class="reporter-method-output-div">
                <span class="reporter-method-output"><div "result">I navigate to the registration page (PASSED : 0s)</div></span>
                <span class="reporter-method-output"><div "result">I enter personal details: (FAILED : 0s)</div></span>
                <span class="reporter-method-output"><div "result">I click on Continue (SKIPPED)</div></span>
                <span class="reporter-method-output"><div "result">I should see &quot;Thank you for your registration&quot; (SKIPPED)</div></span>
              </div> <!-- reporter-method-output-div -->
            </div> <!-- reporter-method-div -->
            <div class="reporter-method-div">
              <span class="reporter-method-name">runScenario("Register an account filling fields with valid credential", "User Registration")</span>
              <div class="reporter-method-output-div">
                <span class="reporter-method-output"><div "result">I navigate to the registration page (PASSED : 0s)</div></span>
                <span class="reporter-method-output"><div "result">I enter personal details: (FAILED : 0s)</div></span>
                <span class="reporter-method-output"><div "result">I click on Continue (SKIPPED)</div></span>
                <span class="reporter-method-output"><div "result">I should see &quot;Thank you for your registration&quot; (SKIPPED)</div></span>
              </div> <!-- reporter-method-output-div -->
            </div> <!-- reporter-method-div -->
            <div class="reporter-method-div">
              <span class="reporter-method-name">runScenario("Unable to register a user if one field was not filled", "User Registration")</span>
              <div class="reporter-method-output-div">
                <span class="reporter-method-output"><div "result">I navigate to the registration page (PASSED : 0s)</div></span>
                <span class="reporter-method-output"><div "result">I enter personal details: (FAILED : 0s)</div></span>
                <span class="reporter-method-output"><div "result">I click on Continue (SKIPPED)</div></span>
                <span class="reporter-method-output"><div "result">warning alert should be displayed (SKIPPED)</div></span>
                <span class="reporter-method-output"><div "result">I should not see &quot;Thank you for your registration&quot; (SKIPPED)</div></span>
              </div> <!-- reporter-method-output-div -->
            </div> <!-- reporter-method-div -->
            <div class="reporter-method-div">
              <span class="reporter-method-name">runScenario("All fields are present on the registration page", "User Registration")</span>
              <div class="reporter-method-output-div">
                <span class="reporter-method-output"><div "result">I navigate to the registration page (PASSED : 4s)</div></span>
                <span class="reporter-method-output"><div "result">I should see &quot;Registration Form&quot; (PENDING : 0s)</div></span>
                <span class="reporter-method-output"><div "result">all labels with their fields should be present: (SKIPPED)</div></span>
              </div> <!-- reporter-method-output-div -->
            </div> <!-- reporter-method-div -->
            <div class="reporter-method-div">
              <span class="reporter-method-name">runScenario("Unable to register a user if one field was not filled", "User Registration")</span>
              <div class="reporter-method-output-div">
                <span class="reporter-method-output"><div "result">I navigate to the registration page (PASSED : 0s)</div></span>
                <span class="reporter-method-output"><div "result">I enter personal details: (FAILED : 0s)</div></span>
                <span class="reporter-method-output"><div "result">I click on Continue (SKIPPED)</div></span>
                <span class="reporter-method-output"><div "result">warning alert should be displayed (SKIPPED)</div></span>
                <span class="reporter-method-output"><div "result">I should not see &quot;Thank you for your registration&quot; (SKIPPED)</div></span>
              </div> <!-- reporter-method-output-div -->
            </div> <!-- reporter-method-div -->
            <div class="reporter-method-div">
              <span class="reporter-method-name">runScenario("Unable to register a user if one field was not filled", "User Registration")</span>
              <div class="reporter-method-output-div">
                <span class="reporter-method-output"><div "result">I navigate to the registration page (PASSED : 0s)</div></span>
                <span class="reporter-method-output"><div "result">I enter personal details: (FAILED : 0s)</div></span>
                <span class="reporter-method-output"><div "result">I click on Continue (SKIPPED)</div></span>
                <span class="reporter-method-output"><div "result">warning alert should be displayed (SKIPPED)</div></span>
                <span class="reporter-method-output"><div "result">I should not see &quot;Thank you for your registration&quot; (SKIPPED)</div></span>
              </div> <!-- reporter-method-output-div -->
            </div> <!-- reporter-method-div -->
            <div class="reporter-method-div">
              <span class="reporter-method-name">runScenario("Unable to register a user if one field was not filled", "User Registration")</span>
              <div class="reporter-method-output-div">
                <span class="reporter-method-output"><div "result">I navigate to the registration page (FAILED : 0s)</div></span>
                <span class="reporter-method-output"><div "result">I enter personal details: (SKIPPED)</div></span>
                <span class="reporter-method-output"><div "result">I click on Continue (SKIPPED)</div></span>
                <span class="reporter-method-output"><div "result">warning alert should be displayed (SKIPPED)</div></span>
                <span class="reporter-method-output"><div "result">I should not see &quot;Thank you for your registration&quot; (SKIPPED)</div></span>
              </div> <!-- reporter-method-output-div -->
            </div> <!-- reporter-method-div -->
            <div class="reporter-method-div">
              <span class="reporter-method-name">runScenario("Register an account filling fields with valid credential", "User Registration")</span>
              <div class="reporter-method-output-div">
                <span class="reporter-method-output"><div "result">I navigate to the registration page (PASSED : 0s)</div></span>
                <span class="reporter-method-output"><div "result">I enter personal details: (FAILED : 0s)</div></span>
                <span class="reporter-method-output"><div "result">I click on Continue (SKIPPED)</div></span>
                <span class="reporter-method-output"><div "result">I should see &quot;Thank you for your registration&quot; (SKIPPED)</div></span>
              </div> <!-- reporter-method-output-div -->
            </div> <!-- reporter-method-div -->
          </div> <!-- main-panel-content rounded-window-bottom -->
        </div> <!-- panel -->
        <div panel-name="ignored-methods-Default_suite" class="panel">
          <div class="main-panel-header rounded-window-top">
            <span class="header-content">0 ignored methods</span>
          </div> <!-- main-panel-header rounded-window-top -->
          <div class="main-panel-content rounded-window-bottom">
          </div> <!-- main-panel-content rounded-window-bottom -->
        </div> <!-- panel -->
        <div panel-name="chronological-Default_suite" class="panel">
          <div class="main-panel-header rounded-window-top">
            <span class="header-content">Methods in chronological order</span>
          </div> <!-- main-panel-header rounded-window-top -->
          <div class="main-panel-content rounded-window-bottom">
            <div class="chronological-class">
              <div class="chronological-class-name">com.app.runners.CukesRunner</div> <!-- chronological-class-name -->
              <div class="configuration-class before">
                <span class="method-name">setUpClass</span>
                <span class="method-start">0 ms</span>
              </div> <!-- configuration-class before -->
              <div class="test-method">
                <span class="method-name">runScenario("All fields are present on the registration page", "User Registration")</span>
                <span class="method-start">331 ms</span>
              </div> <!-- test-method -->
              <div class="test-method">
                <span class="method-name">runScenario("Click on Submit button without filling any fields", "User Registration")</span>
                <span class="method-start">4882 ms</span>
              </div> <!-- test-method -->
              <div class="test-method">
                <span class="method-name">runScenario("Register an account filling fields with valid credential", "User Registration")</span>
                <span class="method-start">5479 ms</span>
              </div> <!-- test-method -->
              <div class="test-method">
                <span class="method-name">runScenario("Register an account filling fields with valid credential", "User Registration")</span>
                <span class="method-start">5807 ms</span>
              </div> <!-- test-method -->
              <div class="test-method">
                <span class="method-name">runScenario("Register an account filling fields with valid credential", "User Registration")</span>
                <span class="method-start">6066 ms</span>
              </div> <!-- test-method -->
              <div class="test-method">
                <span class="method-name">runScenario("Register an account filling fields with valid credential", "User Registration")</span>
                <span class="method-start">6318 ms</span>
              </div> <!-- test-method -->
              <div class="test-method">
                <span class="method-name">runScenario("Register an account filling fields with valid credential", "User Registration")</span>
                <span class="method-start">6586 ms</span>
              </div> <!-- test-method -->
              <div class="test-method">
                <span class="method-name">runScenario("Unable to register a user if one field was not filled", "User Registration")</span>
                <span class="method-start">6852 ms</span>
              </div> <!-- test-method -->
              <div class="test-method">
                <span class="method-name">runScenario("Unable to register a user if one field was not filled", "User Registration")</span>
                <span class="method-start">7109 ms</span>
              </div> <!-- test-method -->
              <div class="test-method">
                <span class="method-name">runScenario("Unable to register a user if one field was not filled", "User Registration")</span>
                <span class="method-start">7403 ms</span>
              </div> <!-- test-method -->
              <div class="test-method">
                <span class="method-name">runScenario("Unable to register a user if one field was not filled", "User Registration")</span>
                <span class="method-start">7642 ms</span>
              </div> <!-- test-method -->
              <div class="test-method">
                <span class="method-name">runScenario("Unable to register a user if one field was not filled", "User Registration")</span>
                <span class="method-start">7870 ms</span>
              </div> <!-- test-method -->
              <div class="test-method">
                <span class="method-name">runScenario("Unable to register a user if one field was not filled", "User Registration")</span>
                <span class="method-start">8152 ms</span>
              </div> <!-- test-method -->
              <div class="test-method">
                <span class="method-name">runScenario("Unable to register a user if one field was not filled", "User Registration")</span>
                <span class="method-start">8420 ms</span>
              </div> <!-- test-method -->
              <div class="test-method">
                <span class="method-name">runScenario("Unable to register a user if one field was not filled", "User Registration")</span>
                <span class="method-start">8641 ms</span>
              </div> <!-- test-method -->
              <div class="configuration-class after">
                <span class="method-name">tearDownClass</span>
                <span class="method-start">8765 ms</span>
              </div> <!-- configuration-class after -->
          </div> <!-- main-panel-content rounded-window-bottom -->
        </div> <!-- panel -->
      </div> <!-- main-panel-root -->
    </div> <!-- wrapper -->
  </body>
</html>
