<?xml version="1.0" encoding="UTF-8"?>
<testng-results skipped="15" failed="0" ignored="0" total="15" passed="0">
  <reporter-output>
    <line>
      <![CDATA[<div "result">I navigate to the registration page (PASSED : 4s)</div>]]>
    </line>
    <line>
      <![CDATA[<div "result">I should see &quot;Registration Form&quot; (PENDING : 0s)</div>]]>
    </line>
    <line>
      <![CDATA[<div "result">all labels with their fields should be present: (SKIPPED)</div>]]>
    </line>
    <line>
      <![CDATA[<div "result">I navigate to the registration page (PASSED : 0s)</div>]]>
    </line>
    <line>
      <![CDATA[<div "result">I click on Submit (PENDING : 0s)</div>]]>
    </line>
    <line>
      <![CDATA[<div "result">warning alert should be displayed: (SKIPPED)</div>]]>
    </line>
    <line>
      <![CDATA[<div "result">I navigate to the registration page (PASSED : 0s)</div>]]>
    </line>
    <line>
      <![CDATA[<div "result">I enter personal details: (FAILED : 0s)</div>]]>
    </line>
    <line>
      <![CDATA[<div "result">I click on Continue (SKIPPED)</div>]]>
    </line>
    <line>
      <![CDATA[<div "result">I should see &quot;Thank you for your registration&quot; (SKIPPED)</div>]]>
    </line>
    <line>
      <![CDATA[<div "result">I navigate to the registration page (PASSED : 0s)</div>]]>
    </line>
    <line>
      <![CDATA[<div "result">I enter personal details: (FAILED : 0s)</div>]]>
    </line>
    <line>
      <![CDATA[<div "result">I click on Continue (SKIPPED)</div>]]>
    </line>
    <line>
      <![CDATA[<div "result">I should see &quot;Thank you for your registration&quot; (SKIPPED)</div>]]>
    </line>
    <line>
      <![CDATA[<div "result">I navigate to the registration page (PASSED : 0s)</div>]]>
    </line>
    <line>
      <![CDATA[<div "result">I enter personal details: (FAILED : 0s)</div>]]>
    </line>
    <line>
      <![CDATA[<div "result">I click on Continue (SKIPPED)</div>]]>
    </line>
    <line>
      <![CDATA[<div "result">I should see &quot;Thank you for your registration&quot; (SKIPPED)</div>]]>
    </line>
    <line>
      <![CDATA[<div "result">I navigate to the registration page (PASSED : 0s)</div>]]>
    </line>
    <line>
      <![CDATA[<div "result">I enter personal details: (FAILED : 0s)</div>]]>
    </line>
    <line>
      <![CDATA[<div "result">I click on Continue (SKIPPED)</div>]]>
    </line>
    <line>
      <![CDATA[<div "result">I should see &quot;Thank you for your registration&quot; (SKIPPED)</div>]]>
    </line>
    <line>
      <![CDATA[<div "result">I navigate to the registration page (PASSED : 0s)</div>]]>
    </line>
    <line>
      <![CDATA[<div "result">I enter personal details: (FAILED : 0s)</div>]]>
    </line>
    <line>
      <![CDATA[<div "result">I click on Continue (SKIPPED)</div>]]>
    </line>
    <line>
      <![CDATA[<div "result">I should see &quot;Thank you for your registration&quot; (SKIPPED)</div>]]>
    </line>
    <line>
      <![CDATA[<div "result">I navigate to the registration page (PASSED : 0s)</div>]]>
    </line>
    <line>
      <![CDATA[<div "result">I enter personal details: (FAILED : 0s)</div>]]>
    </line>
    <line>
      <![CDATA[<div "result">I click on Continue (SKIPPED)</div>]]>
    </line>
    <line>
      <![CDATA[<div "result">warning alert should be displayed (SKIPPED)</div>]]>
    </line>
    <line>
      <![CDATA[<div "result">I should not see &quot;Thank you for your registration&quot; (SKIPPED)</div>]]>
    </line>
    <line>
      <![CDATA[<div "result">I navigate to the registration page (PASSED : 0s)</div>]]>
    </line>
    <line>
      <![CDATA[<div "result">I enter personal details: (FAILED : 0s)</div>]]>
    </line>
    <line>
      <![CDATA[<div "result">I click on Continue (SKIPPED)</div>]]>
    </line>
    <line>
      <![CDATA[<div "result">warning alert should be displayed (SKIPPED)</div>]]>
    </line>
    <line>
      <![CDATA[<div "result">I should not see &quot;Thank you for your registration&quot; (SKIPPED)</div>]]>
    </line>
    <line>
      <![CDATA[<div "result">I navigate to the registration page (PASSED : 0s)</div>]]>
    </line>
    <line>
      <![CDATA[<div "result">I enter personal details: (FAILED : 0s)</div>]]>
    </line>
    <line>
      <![CDATA[<div "result">I click on Continue (SKIPPED)</div>]]>
    </line>
    <line>
      <![CDATA[<div "result">warning alert should be displayed (SKIPPED)</div>]]>
    </line>
    <line>
      <![CDATA[<div "result">I should not see &quot;Thank you for your registration&quot; (SKIPPED)</div>]]>
    </line>
    <line>
      <![CDATA[<div "result">I navigate to the registration page (PASSED : 0s)</div>]]>
    </line>
    <line>
      <![CDATA[<div "result">I enter personal details: (FAILED : 0s)</div>]]>
    </line>
    <line>
      <![CDATA[<div "result">I click on Continue (SKIPPED)</div>]]>
    </line>
    <line>
      <![CDATA[<div "result">warning alert should be displayed (SKIPPED)</div>]]>
    </line>
    <line>
      <![CDATA[<div "result">I should not see &quot;Thank you for your registration&quot; (SKIPPED)</div>]]>
    </line>
    <line>
      <![CDATA[<div "result">I navigate to the registration page (PASSED : 0s)</div>]]>
    </line>
    <line>
      <![CDATA[<div "result">I enter personal details: (FAILED : 0s)</div>]]>
    </line>
    <line>
      <![CDATA[<div "result">I click on Continue (SKIPPED)</div>]]>
    </line>
    <line>
      <![CDATA[<div "result">warning alert should be displayed (SKIPPED)</div>]]>
    </line>
    <line>
      <![CDATA[<div "result">I should not see &quot;Thank you for your registration&quot; (SKIPPED)</div>]]>
    </line>
    <line>
      <![CDATA[<div "result">I navigate to the registration page (PASSED : 0s)</div>]]>
    </line>
    <line>
      <![CDATA[<div "result">I enter personal details: (FAILED : 0s)</div>]]>
    </line>
    <line>
      <![CDATA[<div "result">I click on Continue (SKIPPED)</div>]]>
    </line>
    <line>
      <![CDATA[<div "result">warning alert should be displayed (SKIPPED)</div>]]>
    </line>
    <line>
      <![CDATA[<div "result">I should not see &quot;Thank you for your registration&quot; (SKIPPED)</div>]]>
    </line>
    <line>
      <![CDATA[<div "result">I navigate to the registration page (PASSED : 0s)</div>]]>
    </line>
    <line>
      <![CDATA[<div "result">I enter personal details: (FAILED : 0s)</div>]]>
    </line>
    <line>
      <![CDATA[<div "result">I click on Continue (SKIPPED)</div>]]>
    </line>
    <line>
      <![CDATA[<div "result">warning alert should be displayed (SKIPPED)</div>]]>
    </line>
    <line>
      <![CDATA[<div "result">I should not see &quot;Thank you for your registration&quot; (SKIPPED)</div>]]>
    </line>
    <line>
      <![CDATA[<div "result">I navigate to the registration page (FAILED : 0s)</div>]]>
    </line>
    <line>
      <![CDATA[<div "result">I enter personal details: (SKIPPED)</div>]]>
    </line>
    <line>
      <![CDATA[<div "result">I click on Continue (SKIPPED)</div>]]>
    </line>
    <line>
      <![CDATA[<div "result">warning alert should be displayed (SKIPPED)</div>]]>
    </line>
    <line>
      <![CDATA[<div "result">I should not see &quot;Thank you for your registration&quot; (SKIPPED)</div>]]>
    </line>
  </reporter-output>
  <suite name="Default suite" duration-ms="8837" started-at="2018-06-11T07:08:01Z" finished-at="2018-06-11T07:08:09Z">
    <groups>
      <group name="cucumber">
        <method signature="AbstractTestNGCucumberTests.runScenario(cucumber.api.testng.PickleEventWrapper, cucumber.api.testng.CucumberFeatureWrapper)[pri:0, instance:com.app.runners.CukesRunner@7085bdee]" name="runScenario" class="cucumber.api.testng.AbstractTestNGCucumberTests"/>
      </group> <!-- cucumber -->
    </groups>
    <test name="Default test" duration-ms="8837" started-at="2018-06-11T07:08:01Z" finished-at="2018-06-11T07:08:09Z">
      <class name="com.app.runners.CukesRunner">
        <test-method status="PASS" signature="setUpClass()[pri:0, instance:com.app.runners.CukesRunner@7085bdee]" name="setUpClass" is-config="true" duration-ms="217" started-at="2018-06-11T07:08:01Z" finished-at="2018-06-11T07:08:01Z">
          <reporter-output>
          </reporter-output>
        </test-method> <!-- setUpClass -->
        <test-method status="SKIP" signature="runScenario(cucumber.api.testng.PickleEventWrapper, cucumber.api.testng.CucumberFeatureWrapper)[pri:0, instance:com.app.runners.CukesRunner@7085bdee]" name="runScenario" duration-ms="4549" started-at="2018-06-11T07:08:01Z" description="Runs Cucumber Scenarios" data-provider="scenarios" finished-at="2018-06-11T07:08:06Z">
          <params>
            <param index="0">
              <value>
                <![CDATA["All fields are present on the registration page"]]>
              </value>
            </param>
            <param index="1">
              <value>
                <![CDATA["User Registration"]]>
              </value>
            </param>
          </params>
          <exception class="org.testng.SkipException">
            <message>
              <![CDATA[cucumber.api.PendingException: TODO: implement me
at com.app.stepdefinitions.RegistrationStepDefs.i_should_see(RegistrationStepDefs.java:32)
at ✽.I should see "Registration Form"(src/test/resources/com/app/features/UserInterfaceTests.feature:6)
]]>
            </message>
            <full-stacktrace>
              <![CDATA[org.testng.SkipException: cucumber.api.PendingException: TODO: implement me
at com.app.stepdefinitions.RegistrationStepDefs.i_should_see(RegistrationStepDefs.java:32)
at ✽.I should see "Registration Form"(src/test/resources/com/app/features/UserInterfaceTests.feature:6)

at cucumber.api.testng.TestCaseResultListener.getError(TestCaseResultListener.java:52)
at cucumber.api.testng.TestNGCucumberRunner.runScenario(TestNGCucumberRunner.java:59)
at cucumber.api.testng.AbstractTestNGCucumberTests.runScenario(AbstractTestNGCucumberTests.java:22)
at sun.reflect.NativeMethodAccessorImpl.invoke0(Native Method)
at sun.reflect.NativeMethodAccessorImpl.invoke(NativeMethodAccessorImpl.java:62)
at sun.reflect.DelegatingMethodAccessorImpl.invoke(DelegatingMethodAccessorImpl.java:43)
at java.lang.reflect.Method.invoke(Method.java:498)
at org.testng.internal.MethodInvocationHelper.invokeMethod(MethodInvocationHelper.java:124)
at org.testng.internal.Invoker.invokeMethod(Invoker.java:583)
at org.testng.internal.Invoker.invokeTestMethod(Invoker.java:719)
at org.testng.internal.Invoker.invokeTestMethods(Invoker.java:989)
at org.testng.internal.TestMethodWorker.invokeTestMethods(TestMethodWorker.java:125)
at org.testng.internal.TestMethodWorker.run(TestMethodWorker.java:109)
at org.testng.TestRunner.privateRun(TestRunner.java:648)
at org.testng.TestRunner.run(TestRunner.java:505)
at org.testng.SuiteRunner.runTest(SuiteRunner.java:455)
at org.testng.SuiteRunner.runSequentially(SuiteRunner.java:450)
at org.testng.SuiteRunner.privateRun(SuiteRunner.java:415)
at org.testng.SuiteRunner.run(SuiteRunner.java:364)
at org.testng.SuiteRunnerWorker.runSuite(SuiteRunnerWorker.java:52)
at org.testng.SuiteRunnerWorker.run(SuiteRunnerWorker.java:84)
at org.testng.TestNG.runSuitesSequentially(TestNG.java:1208)
at org.testng.TestNG.runSuitesLocally(TestNG.java:1137)
at org.testng.TestNG.runSuites(TestNG.java:1049)
at org.testng.TestNG.run(TestNG.java:1017)
at org.testng.remote.AbstractRemoteTestNG.run(AbstractRemoteTestNG.java:114)
at org.testng.remote.RemoteTestNG.initAndRun(RemoteTestNG.java:251)
at org.testng.remote.RemoteTestNG.main(RemoteTestNG.java:77)
Caused by: cucumber.api.PendingException: TODO: implement me
at com.app.stepdefinitions.RegistrationStepDefs.i_should_see(RegistrationStepDefs.java:32)
at ✽.I should see "Registration Form"(src/test/resources/com/app/features/UserInterfaceTests.feature:6)
]]>
            </full-stacktrace>
          </exception> <!-- org.testng.SkipException -->
          <reporter-output>
            <line>
              <![CDATA[<div "result">I navigate to the registration page (PASSED : 4s)</div>]]>
            </line>
            <line>
              <![CDATA[<div "result">I should see &quot;Registration Form&quot; (PENDING : 0s)</div>]]>
            </line>
            <line>
              <![CDATA[<div "result">all labels with their fields should be present: (SKIPPED)</div>]]>
            </line>
          </reporter-output>
        </test-method> <!-- runScenario -->
        <test-method status="SKIP" signature="runScenario(cucumber.api.testng.PickleEventWrapper, cucumber.api.testng.CucumberFeatureWrapper)[pri:0, instance:com.app.runners.CukesRunner@7085bdee]" name="runScenario" duration-ms="595" started-at="2018-06-11T07:08:06Z" description="Runs Cucumber Scenarios" data-provider="scenarios" finished-at="2018-06-11T07:08:06Z">
          <params>
            <param index="0">
              <value>
                <![CDATA["Click on Submit button without filling any fields"]]>
              </value>
            </param>
            <param index="1">
              <value>
                <![CDATA["User Registration"]]>
              </value>
            </param>
          </params>
          <exception class="org.testng.SkipException">
            <message>
              <![CDATA[cucumber.api.PendingException: TODO: implement me
at com.app.stepdefinitions.RegistrationStepDefs.i_click_on_Submit(RegistrationStepDefs.java:50)
at ✽.I click on Submit(src/test/resources/com/app/features/UserInterfaceTests.feature:25)
]]>
            </message>
            <full-stacktrace>
              <![CDATA[org.testng.SkipException: cucumber.api.PendingException: TODO: implement me
at com.app.stepdefinitions.RegistrationStepDefs.i_click_on_Submit(RegistrationStepDefs.java:50)
at ✽.I click on Submit(src/test/resources/com/app/features/UserInterfaceTests.feature:25)

at cucumber.api.testng.TestCaseResultListener.getError(TestCaseResultListener.java:52)
at cucumber.api.testng.TestNGCucumberRunner.runScenario(TestNGCucumberRunner.java:59)
at cucumber.api.testng.AbstractTestNGCucumberTests.runScenario(AbstractTestNGCucumberTests.java:22)
at sun.reflect.NativeMethodAccessorImpl.invoke0(Native Method)
at sun.reflect.NativeMethodAccessorImpl.invoke(NativeMethodAccessorImpl.java:62)
at sun.reflect.DelegatingMethodAccessorImpl.invoke(DelegatingMethodAccessorImpl.java:43)
at java.lang.reflect.Method.invoke(Method.java:498)
at org.testng.internal.MethodInvocationHelper.invokeMethod(MethodInvocationHelper.java:124)
at org.testng.internal.Invoker.invokeMethod(Invoker.java:583)
at org.testng.internal.Invoker.invokeTestMethod(Invoker.java:719)
at org.testng.internal.Invoker.invokeTestMethods(Invoker.java:989)
at org.testng.internal.TestMethodWorker.invokeTestMethods(TestMethodWorker.java:125)
at org.testng.internal.TestMethodWorker.run(TestMethodWorker.java:109)
at org.testng.TestRunner.privateRun(TestRunner.java:648)
at org.testng.TestRunner.run(TestRunner.java:505)
at org.testng.SuiteRunner.runTest(SuiteRunner.java:455)
at org.testng.SuiteRunner.runSequentially(SuiteRunner.java:450)
at org.testng.SuiteRunner.privateRun(SuiteRunner.java:415)
at org.testng.SuiteRunner.run(SuiteRunner.java:364)
at org.testng.SuiteRunnerWorker.runSuite(SuiteRunnerWorker.java:52)
at org.testng.SuiteRunnerWorker.run(SuiteRunnerWorker.java:84)
at org.testng.TestNG.runSuitesSequentially(TestNG.java:1208)
at org.testng.TestNG.runSuitesLocally(TestNG.java:1137)
at org.testng.TestNG.runSuites(TestNG.java:1049)
at org.testng.TestNG.run(TestNG.java:1017)
at org.testng.remote.AbstractRemoteTestNG.run(AbstractRemoteTestNG.java:114)
at org.testng.remote.RemoteTestNG.initAndRun(RemoteTestNG.java:251)
at org.testng.remote.RemoteTestNG.main(RemoteTestNG.java:77)
Caused by: cucumber.api.PendingException: TODO: implement me
at com.app.stepdefinitions.RegistrationStepDefs.i_click_on_Submit(RegistrationStepDefs.java:50)
at ✽.I click on Submit(src/test/resources/com/app/features/UserInterfaceTests.feature:25)
]]>
            </full-stacktrace>
          </exception> <!-- org.testng.SkipException -->
          <reporter-output>
            <line>
              <![CDATA[<div "result">I navigate to the registration page (PASSED : 0s)</div>]]>
            </line>
            <line>
              <![CDATA[<div "result">I click on Submit (PENDING : 0s)</div>]]>
            </line>
            <line>
              <![CDATA[<div "result">warning alert should be displayed: (SKIPPED)</div>]]>
            </line>
          </reporter-output>
        </test-method> <!-- runScenario -->
        <test-method status="SKIP" signature="runScenario(cucumber.api.testng.PickleEventWrapper, cucumber.api.testng.CucumberFeatureWrapper)[pri:0, instance:com.app.runners.CukesRunner@7085bdee]" name="runScenario" duration-ms="324" started-at="2018-06-11T07:08:06Z" description="Runs Cucumber Scenarios" data-provider="scenarios" finished-at="2018-06-11T07:08:06Z">
          <params>
            <param index="0">
              <value>
                <![CDATA["Register an account filling fields with valid credential"]]>
              </value>
            </param>
            <param index="1">
              <value>
                <![CDATA["User Registration"]]>
              </value>
            </param>
          </params>
          <exception class="cucumber.runtime.CucumberException">
            <message>
              <![CDATA[Could not convert arguments for step [I enter personal details:] defined at 'com.app.stepdefinitions.RegistrationStepDefs.i_enter_personal_details(DataTable) in file:/Users/busara/Desktop/Projects/demoqa/target/test-classes/'.
It appears you did not register a data table type. The details are in the stacktrace below.]]>
            </message>
            <full-stacktrace>
              <![CDATA[cucumber.runtime.CucumberException: Could not convert arguments for step [I enter personal details:] defined at 'com.app.stepdefinitions.RegistrationStepDefs.i_enter_personal_details(DataTable) in file:/Users/busara/Desktop/Projects/demoqa/target/test-classes/'.
It appears you did not register a data table type. The details are in the stacktrace below.
at cucumber.runtime.PickleStepDefinitionMatch.registerTypeInConfiguration(PickleStepDefinitionMatch.java:59)
at cucumber.runtime.PickleStepDefinitionMatch.runStep(PickleStepDefinitionMatch.java:42)
at cucumber.runner.TestStep.executeStep(TestStep.java:55)
at cucumber.runner.TestStep.run(TestStep.java:42)
at cucumber.runner.PickleStepTestStep.run(PickleStepTestStep.java:53)
at cucumber.runner.TestCase.run(TestCase.java:47)
at cucumber.runner.Runner.runPickle(Runner.java:44)
at cucumber.api.testng.TestNGCucumberRunner.runScenario(TestNGCucumberRunner.java:56)
at cucumber.api.testng.AbstractTestNGCucumberTests.runScenario(AbstractTestNGCucumberTests.java:22)
at sun.reflect.NativeMethodAccessorImpl.invoke0(Native Method)
at sun.reflect.NativeMethodAccessorImpl.invoke(NativeMethodAccessorImpl.java:62)
at sun.reflect.DelegatingMethodAccessorImpl.invoke(DelegatingMethodAccessorImpl.java:43)
at java.lang.reflect.Method.invoke(Method.java:498)
at org.testng.internal.MethodInvocationHelper.invokeMethod(MethodInvocationHelper.java:124)
at org.testng.internal.Invoker.invokeMethod(Invoker.java:583)
at org.testng.internal.Invoker.invokeTestMethod(Invoker.java:719)
at org.testng.internal.Invoker.invokeTestMethods(Invoker.java:989)
at org.testng.internal.TestMethodWorker.invokeTestMethods(TestMethodWorker.java:125)
at org.testng.internal.TestMethodWorker.run(TestMethodWorker.java:109)
at org.testng.TestRunner.privateRun(TestRunner.java:648)
at org.testng.TestRunner.run(TestRunner.java:505)
at org.testng.SuiteRunner.runTest(SuiteRunner.java:455)
at org.testng.SuiteRunner.runSequentially(SuiteRunner.java:450)
at org.testng.SuiteRunner.privateRun(SuiteRunner.java:415)
at org.testng.SuiteRunner.run(SuiteRunner.java:364)
at org.testng.SuiteRunnerWorker.runSuite(SuiteRunnerWorker.java:52)
at org.testng.SuiteRunnerWorker.run(SuiteRunnerWorker.java:84)
at org.testng.TestNG.runSuitesSequentially(TestNG.java:1208)
at org.testng.TestNG.runSuitesLocally(TestNG.java:1137)
at org.testng.TestNG.runSuites(TestNG.java:1049)
at org.testng.TestNG.run(TestNG.java:1017)
at org.testng.remote.AbstractRemoteTestNG.run(AbstractRemoteTestNG.java:114)
at org.testng.remote.RemoteTestNG.initAndRun(RemoteTestNG.java:251)
at org.testng.remote.RemoteTestNG.main(RemoteTestNG.java:77)
Caused by: io.cucumber.datatable.UndefinedDataTableTypeException: Can't convert DataTable to gherkin.ast.DataTable. Please register a DataTableType with a TableTransformer, TableEntryTransformer or TableRowTransformer for class gherkin.ast.DataTable
at io.cucumber.datatable.UndefinedDataTableTypeException.singletonNoConverterDefined(UndefinedDataTableTypeException.java:15)
at io.cucumber.datatable.DataTableTypeRegistryTableConverter.toSingleton(DataTableTypeRegistryTableConverter.java:106)
at io.cucumber.datatable.DataTableTypeRegistryTableConverter.convert(DataTableTypeRegistryTableConverter.java:75)
at io.cucumber.datatable.DataTable.convert(DataTable.java:336)
at io.cucumber.stepexpression.StepExpressionFactory$3.transform(StepExpressionFactory.java:72)
at io.cucumber.stepexpression.DataTableArgument.getValue(DataTableArgument.java:19)
at cucumber.runtime.PickleStepDefinitionMatch.runStep(PickleStepDefinitionMatch.java:39)
... 32 more
]]>
            </full-stacktrace>
          </exception> <!-- cucumber.runtime.CucumberException -->
          <reporter-output>
            <line>
              <![CDATA[<div "result">I navigate to the registration page (PASSED : 0s)</div>]]>
            </line>
            <line>
              <![CDATA[<div "result">I enter personal details: (FAILED : 0s)</div>]]>
            </line>
            <line>
              <![CDATA[<div "result">I click on Continue (SKIPPED)</div>]]>
            </line>
            <line>
              <![CDATA[<div "result">I should see &quot;Thank you for your registration&quot; (SKIPPED)</div>]]>
            </line>
          </reporter-output>
        </test-method> <!-- runScenario -->
        <test-method status="SKIP" signature="runScenario(cucumber.api.testng.PickleEventWrapper, cucumber.api.testng.CucumberFeatureWrapper)[pri:0, instance:com.app.runners.CukesRunner@7085bdee]" name="runScenario" duration-ms="257" started-at="2018-06-11T07:08:06Z" description="Runs Cucumber Scenarios" data-provider="scenarios" finished-at="2018-06-11T07:08:07Z">
          <params>
            <param index="0">
              <value>
                <![CDATA["Register an account filling fields with valid credential"]]>
              </value>
            </param>
            <param index="1">
              <value>
                <![CDATA["User Registration"]]>
              </value>
            </param>
          </params>
          <exception class="cucumber.runtime.CucumberException">
            <message>
              <![CDATA[Could not convert arguments for step [I enter personal details:] defined at 'com.app.stepdefinitions.RegistrationStepDefs.i_enter_personal_details(DataTable) in file:/Users/busara/Desktop/Projects/demoqa/target/test-classes/'.
It appears you did not register a data table type. The details are in the stacktrace below.]]>
            </message>
            <full-stacktrace>
              <![CDATA[cucumber.runtime.CucumberException: Could not convert arguments for step [I enter personal details:] defined at 'com.app.stepdefinitions.RegistrationStepDefs.i_enter_personal_details(DataTable) in file:/Users/busara/Desktop/Projects/demoqa/target/test-classes/'.
It appears you did not register a data table type. The details are in the stacktrace below.
at cucumber.runtime.PickleStepDefinitionMatch.registerTypeInConfiguration(PickleStepDefinitionMatch.java:59)
at cucumber.runtime.PickleStepDefinitionMatch.runStep(PickleStepDefinitionMatch.java:42)
at cucumber.runner.TestStep.executeStep(TestStep.java:55)
at cucumber.runner.TestStep.run(TestStep.java:42)
at cucumber.runner.PickleStepTestStep.run(PickleStepTestStep.java:53)
at cucumber.runner.TestCase.run(TestCase.java:47)
at cucumber.runner.Runner.runPickle(Runner.java:44)
at cucumber.api.testng.TestNGCucumberRunner.runScenario(TestNGCucumberRunner.java:56)
at cucumber.api.testng.AbstractTestNGCucumberTests.runScenario(AbstractTestNGCucumberTests.java:22)
at sun.reflect.NativeMethodAccessorImpl.invoke0(Native Method)
at sun.reflect.NativeMethodAccessorImpl.invoke(NativeMethodAccessorImpl.java:62)
at sun.reflect.DelegatingMethodAccessorImpl.invoke(DelegatingMethodAccessorImpl.java:43)
at java.lang.reflect.Method.invoke(Method.java:498)
at org.testng.internal.MethodInvocationHelper.invokeMethod(MethodInvocationHelper.java:124)
at org.testng.internal.Invoker.invokeMethod(Invoker.java:583)
at org.testng.internal.Invoker.invokeTestMethod(Invoker.java:719)
at org.testng.internal.Invoker.invokeTestMethods(Invoker.java:989)
at org.testng.internal.TestMethodWorker.invokeTestMethods(TestMethodWorker.java:125)
at org.testng.internal.TestMethodWorker.run(TestMethodWorker.java:109)
at org.testng.TestRunner.privateRun(TestRunner.java:648)
at org.testng.TestRunner.run(TestRunner.java:505)
at org.testng.SuiteRunner.runTest(SuiteRunner.java:455)
at org.testng.SuiteRunner.runSequentially(SuiteRunner.java:450)
at org.testng.SuiteRunner.privateRun(SuiteRunner.java:415)
at org.testng.SuiteRunner.run(SuiteRunner.java:364)
at org.testng.SuiteRunnerWorker.runSuite(SuiteRunnerWorker.java:52)
at org.testng.SuiteRunnerWorker.run(SuiteRunnerWorker.java:84)
at org.testng.TestNG.runSuitesSequentially(TestNG.java:1208)
at org.testng.TestNG.runSuitesLocally(TestNG.java:1137)
at org.testng.TestNG.runSuites(TestNG.java:1049)
at org.testng.TestNG.run(TestNG.java:1017)
at org.testng.remote.AbstractRemoteTestNG.run(AbstractRemoteTestNG.java:114)
at org.testng.remote.RemoteTestNG.initAndRun(RemoteTestNG.java:251)
at org.testng.remote.RemoteTestNG.main(RemoteTestNG.java:77)
Caused by: io.cucumber.datatable.UndefinedDataTableTypeException: Can't convert DataTable to gherkin.ast.DataTable. Please register a DataTableType with a TableTransformer, TableEntryTransformer or TableRowTransformer for class gherkin.ast.DataTable
at io.cucumber.datatable.UndefinedDataTableTypeException.singletonNoConverterDefined(UndefinedDataTableTypeException.java:15)
at io.cucumber.datatable.DataTableTypeRegistryTableConverter.toSingleton(DataTableTypeRegistryTableConverter.java:106)
at io.cucumber.datatable.DataTableTypeRegistryTableConverter.convert(DataTableTypeRegistryTableConverter.java:75)
at io.cucumber.datatable.DataTable.convert(DataTable.java:336)
at io.cucumber.stepexpression.StepExpressionFactory$3.transform(StepExpressionFactory.java:72)
at io.cucumber.stepexpression.DataTableArgument.getValue(DataTableArgument.java:19)
at cucumber.runtime.PickleStepDefinitionMatch.runStep(PickleStepDefinitionMatch.java:39)
... 32 more
]]>
            </full-stacktrace>
          </exception> <!-- cucumber.runtime.CucumberException -->
          <reporter-output>
            <line>
              <![CDATA[<div "result">I navigate to the registration page (PASSED : 0s)</div>]]>
            </line>
            <line>
              <![CDATA[<div "result">I enter personal details: (FAILED : 0s)</div>]]>
            </line>
            <line>
              <![CDATA[<div "result">I click on Continue (SKIPPED)</div>]]>
            </line>
            <line>
              <![CDATA[<div "result">I should see &quot;Thank you for your registration&quot; (SKIPPED)</div>]]>
            </line>
          </reporter-output>
        </test-method> <!-- runScenario -->
        <test-method status="SKIP" signature="runScenario(cucumber.api.testng.PickleEventWrapper, cucumber.api.testng.CucumberFeatureWrapper)[pri:0, instance:com.app.runners.CukesRunner@7085bdee]" name="runScenario" duration-ms="249" started-at="2018-06-11T07:08:07Z" description="Runs Cucumber Scenarios" data-provider="scenarios" finished-at="2018-06-11T07:08:07Z">
          <params>
            <param index="0">
              <value>
                <![CDATA["Register an account filling fields with valid credential"]]>
              </value>
            </param>
            <param index="1">
              <value>
                <![CDATA["User Registration"]]>
              </value>
            </param>
          </params>
          <exception class="cucumber.runtime.CucumberException">
            <message>
              <![CDATA[Could not convert arguments for step [I enter personal details:] defined at 'com.app.stepdefinitions.RegistrationStepDefs.i_enter_personal_details(DataTable) in file:/Users/busara/Desktop/Projects/demoqa/target/test-classes/'.
It appears you did not register a data table type. The details are in the stacktrace below.]]>
            </message>
            <full-stacktrace>
              <![CDATA[cucumber.runtime.CucumberException: Could not convert arguments for step [I enter personal details:] defined at 'com.app.stepdefinitions.RegistrationStepDefs.i_enter_personal_details(DataTable) in file:/Users/busara/Desktop/Projects/demoqa/target/test-classes/'.
It appears you did not register a data table type. The details are in the stacktrace below.
at cucumber.runtime.PickleStepDefinitionMatch.registerTypeInConfiguration(PickleStepDefinitionMatch.java:59)
at cucumber.runtime.PickleStepDefinitionMatch.runStep(PickleStepDefinitionMatch.java:42)
at cucumber.runner.TestStep.executeStep(TestStep.java:55)
at cucumber.runner.TestStep.run(TestStep.java:42)
at cucumber.runner.PickleStepTestStep.run(PickleStepTestStep.java:53)
at cucumber.runner.TestCase.run(TestCase.java:47)
at cucumber.runner.Runner.runPickle(Runner.java:44)
at cucumber.api.testng.TestNGCucumberRunner.runScenario(TestNGCucumberRunner.java:56)
at cucumber.api.testng.AbstractTestNGCucumberTests.runScenario(AbstractTestNGCucumberTests.java:22)
at sun.reflect.NativeMethodAccessorImpl.invoke0(Native Method)
at sun.reflect.NativeMethodAccessorImpl.invoke(NativeMethodAccessorImpl.java:62)
at sun.reflect.DelegatingMethodAccessorImpl.invoke(DelegatingMethodAccessorImpl.java:43)
at java.lang.reflect.Method.invoke(Method.java:498)
at org.testng.internal.MethodInvocationHelper.invokeMethod(MethodInvocationHelper.java:124)
at org.testng.internal.Invoker.invokeMethod(Invoker.java:583)
at org.testng.internal.Invoker.invokeTestMethod(Invoker.java:719)
at org.testng.internal.Invoker.invokeTestMethods(Invoker.java:989)
at org.testng.internal.TestMethodWorker.invokeTestMethods(TestMethodWorker.java:125)
at org.testng.internal.TestMethodWorker.run(TestMethodWorker.java:109)
at org.testng.TestRunner.privateRun(TestRunner.java:648)
at org.testng.TestRunner.run(TestRunner.java:505)
at org.testng.SuiteRunner.runTest(SuiteRunner.java:455)
at org.testng.SuiteRunner.runSequentially(SuiteRunner.java:450)
at org.testng.SuiteRunner.privateRun(SuiteRunner.java:415)
at org.testng.SuiteRunner.run(SuiteRunner.java:364)
at org.testng.SuiteRunnerWorker.runSuite(SuiteRunnerWorker.java:52)
at org.testng.SuiteRunnerWorker.run(SuiteRunnerWorker.java:84)
at org.testng.TestNG.runSuitesSequentially(TestNG.java:1208)
at org.testng.TestNG.runSuitesLocally(TestNG.java:1137)
at org.testng.TestNG.runSuites(TestNG.java:1049)
at org.testng.TestNG.run(TestNG.java:1017)
at org.testng.remote.AbstractRemoteTestNG.run(AbstractRemoteTestNG.java:114)
at org.testng.remote.RemoteTestNG.initAndRun(RemoteTestNG.java:251)
at org.testng.remote.RemoteTestNG.main(RemoteTestNG.java:77)
Caused by: io.cucumber.datatable.UndefinedDataTableTypeException: Can't convert DataTable to gherkin.ast.DataTable. Please register a DataTableType with a TableTransformer, TableEntryTransformer or TableRowTransformer for class gherkin.ast.DataTable
at io.cucumber.datatable.UndefinedDataTableTypeException.singletonNoConverterDefined(UndefinedDataTableTypeException.java:15)
at io.cucumber.datatable.DataTableTypeRegistryTableConverter.toSingleton(DataTableTypeRegistryTableConverter.java:106)
at io.cucumber.datatable.DataTableTypeRegistryTableConverter.convert(DataTableTypeRegistryTableConverter.java:75)
at io.cucumber.datatable.DataTable.convert(DataTable.java:336)
at io.cucumber.stepexpression.StepExpressionFactory$3.transform(StepExpressionFactory.java:72)
at io.cucumber.stepexpression.DataTableArgument.getValue(DataTableArgument.java:19)
at cucumber.runtime.PickleStepDefinitionMatch.runStep(PickleStepDefinitionMatch.java:39)
... 32 more
]]>
            </full-stacktrace>
          </exception> <!-- cucumber.runtime.CucumberException -->
          <reporter-output>
            <line>
              <![CDATA[<div "result">I navigate to the registration page (PASSED : 0s)</div>]]>
            </line>
            <line>
              <![CDATA[<div "result">I enter personal details: (FAILED : 0s)</div>]]>
            </line>
            <line>
              <![CDATA[<div "result">I click on Continue (SKIPPED)</div>]]>
            </line>
            <line>
              <![CDATA[<div "result">I should see &quot;Thank you for your registration&quot; (SKIPPED)</div>]]>
            </line>
          </reporter-output>
        </test-method> <!-- runScenario -->
        <test-method status="SKIP" signature="runScenario(cucumber.api.testng.PickleEventWrapper, cucumber.api.testng.CucumberFeatureWrapper)[pri:0, instance:com.app.runners.CukesRunner@7085bdee]" name="runScenario" duration-ms="266" started-at="2018-06-11T07:08:07Z" description="Runs Cucumber Scenarios" data-provider="scenarios" finished-at="2018-06-11T07:08:07Z">
          <params>
            <param index="0">
              <value>
                <![CDATA["Register an account filling fields with valid credential"]]>
              </value>
            </param>
            <param index="1">
              <value>
                <![CDATA["User Registration"]]>
              </value>
            </param>
          </params>
          <exception class="cucumber.runtime.CucumberException">
            <message>
              <![CDATA[Could not convert arguments for step [I enter personal details:] defined at 'com.app.stepdefinitions.RegistrationStepDefs.i_enter_personal_details(DataTable) in file:/Users/busara/Desktop/Projects/demoqa/target/test-classes/'.
It appears you did not register a data table type. The details are in the stacktrace below.]]>
            </message>
            <full-stacktrace>
              <![CDATA[cucumber.runtime.CucumberException: Could not convert arguments for step [I enter personal details:] defined at 'com.app.stepdefinitions.RegistrationStepDefs.i_enter_personal_details(DataTable) in file:/Users/busara/Desktop/Projects/demoqa/target/test-classes/'.
It appears you did not register a data table type. The details are in the stacktrace below.
at cucumber.runtime.PickleStepDefinitionMatch.registerTypeInConfiguration(PickleStepDefinitionMatch.java:59)
at cucumber.runtime.PickleStepDefinitionMatch.runStep(PickleStepDefinitionMatch.java:42)
at cucumber.runner.TestStep.executeStep(TestStep.java:55)
at cucumber.runner.TestStep.run(TestStep.java:42)
at cucumber.runner.PickleStepTestStep.run(PickleStepTestStep.java:53)
at cucumber.runner.TestCase.run(TestCase.java:47)
at cucumber.runner.Runner.runPickle(Runner.java:44)
at cucumber.api.testng.TestNGCucumberRunner.runScenario(TestNGCucumberRunner.java:56)
at cucumber.api.testng.AbstractTestNGCucumberTests.runScenario(AbstractTestNGCucumberTests.java:22)
at sun.reflect.NativeMethodAccessorImpl.invoke0(Native Method)
at sun.reflect.NativeMethodAccessorImpl.invoke(NativeMethodAccessorImpl.java:62)
at sun.reflect.DelegatingMethodAccessorImpl.invoke(DelegatingMethodAccessorImpl.java:43)
at java.lang.reflect.Method.invoke(Method.java:498)
at org.testng.internal.MethodInvocationHelper.invokeMethod(MethodInvocationHelper.java:124)
at org.testng.internal.Invoker.invokeMethod(Invoker.java:583)
at org.testng.internal.Invoker.invokeTestMethod(Invoker.java:719)
at org.testng.internal.Invoker.invokeTestMethods(Invoker.java:989)
at org.testng.internal.TestMethodWorker.invokeTestMethods(TestMethodWorker.java:125)
at org.testng.internal.TestMethodWorker.run(TestMethodWorker.java:109)
at org.testng.TestRunner.privateRun(TestRunner.java:648)
at org.testng.TestRunner.run(TestRunner.java:505)
at org.testng.SuiteRunner.runTest(SuiteRunner.java:455)
at org.testng.SuiteRunner.runSequentially(SuiteRunner.java:450)
at org.testng.SuiteRunner.privateRun(SuiteRunner.java:415)
at org.testng.SuiteRunner.run(SuiteRunner.java:364)
at org.testng.SuiteRunnerWorker.runSuite(SuiteRunnerWorker.java:52)
at org.testng.SuiteRunnerWorker.run(SuiteRunnerWorker.java:84)
at org.testng.TestNG.runSuitesSequentially(TestNG.java:1208)
at org.testng.TestNG.runSuitesLocally(TestNG.java:1137)
at org.testng.TestNG.runSuites(TestNG.java:1049)
at org.testng.TestNG.run(TestNG.java:1017)
at org.testng.remote.AbstractRemoteTestNG.run(AbstractRemoteTestNG.java:114)
at org.testng.remote.RemoteTestNG.initAndRun(RemoteTestNG.java:251)
at org.testng.remote.RemoteTestNG.main(RemoteTestNG.java:77)
Caused by: io.cucumber.datatable.UndefinedDataTableTypeException: Can't convert DataTable to gherkin.ast.DataTable. Please register a DataTableType with a TableTransformer, TableEntryTransformer or TableRowTransformer for class gherkin.ast.DataTable
at io.cucumber.datatable.UndefinedDataTableTypeException.singletonNoConverterDefined(UndefinedDataTableTypeException.java:15)
at io.cucumber.datatable.DataTableTypeRegistryTableConverter.toSingleton(DataTableTypeRegistryTableConverter.java:106)
at io.cucumber.datatable.DataTableTypeRegistryTableConverter.convert(DataTableTypeRegistryTableConverter.java:75)
at io.cucumber.datatable.DataTable.convert(DataTable.java:336)
at io.cucumber.stepexpression.StepExpressionFactory$3.transform(StepExpressionFactory.java:72)
at io.cucumber.stepexpression.DataTableArgument.getValue(DataTableArgument.java:19)
at cucumber.runtime.PickleStepDefinitionMatch.runStep(PickleStepDefinitionMatch.java:39)
... 32 more
]]>
            </full-stacktrace>
          </exception> <!-- cucumber.runtime.CucumberException -->
          <reporter-output>
            <line>
              <![CDATA[<div "result">I navigate to the registration page (PASSED : 0s)</div>]]>
            </line>
            <line>
              <![CDATA[<div "result">I enter personal details: (FAILED : 0s)</div>]]>
            </line>
            <line>
              <![CDATA[<div "result">I click on Continue (SKIPPED)</div>]]>
            </line>
            <line>
              <![CDATA[<div "result">I should see &quot;Thank you for your registration&quot; (SKIPPED)</div>]]>
            </line>
          </reporter-output>
        </test-method> <!-- runScenario -->
        <test-method status="SKIP" signature="runScenario(cucumber.api.testng.PickleEventWrapper, cucumber.api.testng.CucumberFeatureWrapper)[pri:0, instance:com.app.runners.CukesRunner@7085bdee]" name="runScenario" duration-ms="264" started-at="2018-06-11T07:08:07Z" description="Runs Cucumber Scenarios" data-provider="scenarios" finished-at="2018-06-11T07:08:07Z">
          <params>
            <param index="0">
              <value>
                <![CDATA["Register an account filling fields with valid credential"]]>
              </value>
            </param>
            <param index="1">
              <value>
                <![CDATA["User Registration"]]>
              </value>
            </param>
          </params>
          <exception class="cucumber.runtime.CucumberException">
            <message>
              <![CDATA[Could not convert arguments for step [I enter personal details:] defined at 'com.app.stepdefinitions.RegistrationStepDefs.i_enter_personal_details(DataTable) in file:/Users/busara/Desktop/Projects/demoqa/target/test-classes/'.
It appears you did not register a data table type. The details are in the stacktrace below.]]>
            </message>
            <full-stacktrace>
              <![CDATA[cucumber.runtime.CucumberException: Could not convert arguments for step [I enter personal details:] defined at 'com.app.stepdefinitions.RegistrationStepDefs.i_enter_personal_details(DataTable) in file:/Users/busara/Desktop/Projects/demoqa/target/test-classes/'.
It appears you did not register a data table type. The details are in the stacktrace below.
at cucumber.runtime.PickleStepDefinitionMatch.registerTypeInConfiguration(PickleStepDefinitionMatch.java:59)
at cucumber.runtime.PickleStepDefinitionMatch.runStep(PickleStepDefinitionMatch.java:42)
at cucumber.runner.TestStep.executeStep(TestStep.java:55)
at cucumber.runner.TestStep.run(TestStep.java:42)
at cucumber.runner.PickleStepTestStep.run(PickleStepTestStep.java:53)
at cucumber.runner.TestCase.run(TestCase.java:47)
at cucumber.runner.Runner.runPickle(Runner.java:44)
at cucumber.api.testng.TestNGCucumberRunner.runScenario(TestNGCucumberRunner.java:56)
at cucumber.api.testng.AbstractTestNGCucumberTests.runScenario(AbstractTestNGCucumberTests.java:22)
at sun.reflect.NativeMethodAccessorImpl.invoke0(Native Method)
at sun.reflect.NativeMethodAccessorImpl.invoke(NativeMethodAccessorImpl.java:62)
at sun.reflect.DelegatingMethodAccessorImpl.invoke(DelegatingMethodAccessorImpl.java:43)
at java.lang.reflect.Method.invoke(Method.java:498)
at org.testng.internal.MethodInvocationHelper.invokeMethod(MethodInvocationHelper.java:124)
at org.testng.internal.Invoker.invokeMethod(Invoker.java:583)
at org.testng.internal.Invoker.invokeTestMethod(Invoker.java:719)
at org.testng.internal.Invoker.invokeTestMethods(Invoker.java:989)
at org.testng.internal.TestMethodWorker.invokeTestMethods(TestMethodWorker.java:125)
at org.testng.internal.TestMethodWorker.run(TestMethodWorker.java:109)
at org.testng.TestRunner.privateRun(TestRunner.java:648)
at org.testng.TestRunner.run(TestRunner.java:505)
at org.testng.SuiteRunner.runTest(SuiteRunner.java:455)
at org.testng.SuiteRunner.runSequentially(SuiteRunner.java:450)
at org.testng.SuiteRunner.privateRun(SuiteRunner.java:415)
at org.testng.SuiteRunner.run(SuiteRunner.java:364)
at org.testng.SuiteRunnerWorker.runSuite(SuiteRunnerWorker.java:52)
at org.testng.SuiteRunnerWorker.run(SuiteRunnerWorker.java:84)
at org.testng.TestNG.runSuitesSequentially(TestNG.java:1208)
at org.testng.TestNG.runSuitesLocally(TestNG.java:1137)
at org.testng.TestNG.runSuites(TestNG.java:1049)
at org.testng.TestNG.run(TestNG.java:1017)
at org.testng.remote.AbstractRemoteTestNG.run(AbstractRemoteTestNG.java:114)
at org.testng.remote.RemoteTestNG.initAndRun(RemoteTestNG.java:251)
at org.testng.remote.RemoteTestNG.main(RemoteTestNG.java:77)
Caused by: io.cucumber.datatable.UndefinedDataTableTypeException: Can't convert DataTable to gherkin.ast.DataTable. Please register a DataTableType with a TableTransformer, TableEntryTransformer or TableRowTransformer for class gherkin.ast.DataTable
at io.cucumber.datatable.UndefinedDataTableTypeException.singletonNoConverterDefined(UndefinedDataTableTypeException.java:15)
at io.cucumber.datatable.DataTableTypeRegistryTableConverter.toSingleton(DataTableTypeRegistryTableConverter.java:106)
at io.cucumber.datatable.DataTableTypeRegistryTableConverter.convert(DataTableTypeRegistryTableConverter.java:75)
at io.cucumber.datatable.DataTable.convert(DataTable.java:336)
at io.cucumber.stepexpression.StepExpressionFactory$3.transform(StepExpressionFactory.java:72)
at io.cucumber.stepexpression.DataTableArgument.getValue(DataTableArgument.java:19)
at cucumber.runtime.PickleStepDefinitionMatch.runStep(PickleStepDefinitionMatch.java:39)
... 32 more
]]>
            </full-stacktrace>
          </exception> <!-- cucumber.runtime.CucumberException -->
          <reporter-output>
            <line>
              <![CDATA[<div "result">I navigate to the registration page (PASSED : 0s)</div>]]>
            </line>
            <line>
              <![CDATA[<div "result">I enter personal details: (FAILED : 0s)</div>]]>
            </line>
            <line>
              <![CDATA[<div "result">I click on Continue (SKIPPED)</div>]]>
            </line>
            <line>
              <![CDATA[<div "result">I should see &quot;Thank you for your registration&quot; (SKIPPED)</div>]]>
            </line>
          </reporter-output>
        </test-method> <!-- runScenario -->
        <test-method status="SKIP" signature="runScenario(cucumber.api.testng.PickleEventWrapper, cucumber.api.testng.CucumberFeatureWrapper)[pri:0, instance:com.app.runners.CukesRunner@7085bdee]" name="runScenario" duration-ms="255" started-at="2018-06-11T07:08:07Z" description="Runs Cucumber Scenarios" data-provider="scenarios" finished-at="2018-06-11T07:08:08Z">
          <params>
            <param index="0">
              <value>
                <![CDATA["Unable to register a user if one field was not filled"]]>
              </value>
            </param>
            <param index="1">
              <value>
                <![CDATA["User Registration"]]>
              </value>
            </param>
          </params>
          <exception class="cucumber.runtime.CucumberException">
            <message>
              <![CDATA[Could not convert arguments for step [I enter personal details:] defined at 'com.app.stepdefinitions.RegistrationStepDefs.i_enter_personal_details(DataTable) in file:/Users/busara/Desktop/Projects/demoqa/target/test-classes/'.
It appears you did not register a data table type. The details are in the stacktrace below.]]>
            </message>
            <full-stacktrace>
              <![CDATA[cucumber.runtime.CucumberException: Could not convert arguments for step [I enter personal details:] defined at 'com.app.stepdefinitions.RegistrationStepDefs.i_enter_personal_details(DataTable) in file:/Users/busara/Desktop/Projects/demoqa/target/test-classes/'.
It appears you did not register a data table type. The details are in the stacktrace below.
at cucumber.runtime.PickleStepDefinitionMatch.registerTypeInConfiguration(PickleStepDefinitionMatch.java:59)
at cucumber.runtime.PickleStepDefinitionMatch.runStep(PickleStepDefinitionMatch.java:42)
at cucumber.runner.TestStep.executeStep(TestStep.java:55)
at cucumber.runner.TestStep.run(TestStep.java:42)
at cucumber.runner.PickleStepTestStep.run(PickleStepTestStep.java:53)
at cucumber.runner.TestCase.run(TestCase.java:47)
at cucumber.runner.Runner.runPickle(Runner.java:44)
at cucumber.api.testng.TestNGCucumberRunner.runScenario(TestNGCucumberRunner.java:56)
at cucumber.api.testng.AbstractTestNGCucumberTests.runScenario(AbstractTestNGCucumberTests.java:22)
at sun.reflect.NativeMethodAccessorImpl.invoke0(Native Method)
at sun.reflect.NativeMethodAccessorImpl.invoke(NativeMethodAccessorImpl.java:62)
at sun.reflect.DelegatingMethodAccessorImpl.invoke(DelegatingMethodAccessorImpl.java:43)
at java.lang.reflect.Method.invoke(Method.java:498)
at org.testng.internal.MethodInvocationHelper.invokeMethod(MethodInvocationHelper.java:124)
at org.testng.internal.Invoker.invokeMethod(Invoker.java:583)
at org.testng.internal.Invoker.invokeTestMethod(Invoker.java:719)
at org.testng.internal.Invoker.invokeTestMethods(Invoker.java:989)
at org.testng.internal.TestMethodWorker.invokeTestMethods(TestMethodWorker.java:125)
at org.testng.internal.TestMethodWorker.run(TestMethodWorker.java:109)
at org.testng.TestRunner.privateRun(TestRunner.java:648)
at org.testng.TestRunner.run(TestRunner.java:505)
at org.testng.SuiteRunner.runTest(SuiteRunner.java:455)
at org.testng.SuiteRunner.runSequentially(SuiteRunner.java:450)
at org.testng.SuiteRunner.privateRun(SuiteRunner.java:415)
at org.testng.SuiteRunner.run(SuiteRunner.java:364)
at org.testng.SuiteRunnerWorker.runSuite(SuiteRunnerWorker.java:52)
at org.testng.SuiteRunnerWorker.run(SuiteRunnerWorker.java:84)
at org.testng.TestNG.runSuitesSequentially(TestNG.java:1208)
at org.testng.TestNG.runSuitesLocally(TestNG.java:1137)
at org.testng.TestNG.runSuites(TestNG.java:1049)
at org.testng.TestNG.run(TestNG.java:1017)
at org.testng.remote.AbstractRemoteTestNG.run(AbstractRemoteTestNG.java:114)
at org.testng.remote.RemoteTestNG.initAndRun(RemoteTestNG.java:251)
at org.testng.remote.RemoteTestNG.main(RemoteTestNG.java:77)
Caused by: io.cucumber.datatable.UndefinedDataTableTypeException: Can't convert DataTable to gherkin.ast.DataTable. Please register a DataTableType with a TableTransformer, TableEntryTransformer or TableRowTransformer for class gherkin.ast.DataTable
at io.cucumber.datatable.UndefinedDataTableTypeException.singletonNoConverterDefined(UndefinedDataTableTypeException.java:15)
at io.cucumber.datatable.DataTableTypeRegistryTableConverter.toSingleton(DataTableTypeRegistryTableConverter.java:106)
at io.cucumber.datatable.DataTableTypeRegistryTableConverter.convert(DataTableTypeRegistryTableConverter.java:75)
at io.cucumber.datatable.DataTable.convert(DataTable.java:336)
at io.cucumber.stepexpression.StepExpressionFactory$3.transform(StepExpressionFactory.java:72)
at io.cucumber.stepexpression.DataTableArgument.getValue(DataTableArgument.java:19)
at cucumber.runtime.PickleStepDefinitionMatch.runStep(PickleStepDefinitionMatch.java:39)
... 32 more
]]>
            </full-stacktrace>
          </exception> <!-- cucumber.runtime.CucumberException -->
          <reporter-output>
            <line>
              <![CDATA[<div "result">I navigate to the registration page (PASSED : 0s)</div>]]>
            </line>
            <line>
              <![CDATA[<div "result">I enter personal details: (FAILED : 0s)</div>]]>
            </line>
            <line>
              <![CDATA[<div "result">I click on Continue (SKIPPED)</div>]]>
            </line>
            <line>
              <![CDATA[<div "result">warning alert should be displayed (SKIPPED)</div>]]>
            </line>
            <line>
              <![CDATA[<div "result">I should not see &quot;Thank you for your registration&quot; (SKIPPED)</div>]]>
            </line>
          </reporter-output>
        </test-method> <!-- runScenario -->
        <test-method status="SKIP" signature="runScenario(cucumber.api.testng.PickleEventWrapper, cucumber.api.testng.CucumberFeatureWrapper)[pri:0, instance:com.app.runners.CukesRunner@7085bdee]" name="runScenario" duration-ms="292" started-at="2018-06-11T07:08:08Z" description="Runs Cucumber Scenarios" data-provider="scenarios" finished-at="2018-06-11T07:08:08Z">
          <params>
            <param index="0">
              <value>
                <![CDATA["Unable to register a user if one field was not filled"]]>
              </value>
            </param>
            <param index="1">
              <value>
                <![CDATA["User Registration"]]>
              </value>
            </param>
          </params>
          <exception class="cucumber.runtime.CucumberException">
            <message>
              <![CDATA[Could not convert arguments for step [I enter personal details:] defined at 'com.app.stepdefinitions.RegistrationStepDefs.i_enter_personal_details(DataTable) in file:/Users/busara/Desktop/Projects/demoqa/target/test-classes/'.
It appears you did not register a data table type. The details are in the stacktrace below.]]>
            </message>
            <full-stacktrace>
              <![CDATA[cucumber.runtime.CucumberException: Could not convert arguments for step [I enter personal details:] defined at 'com.app.stepdefinitions.RegistrationStepDefs.i_enter_personal_details(DataTable) in file:/Users/busara/Desktop/Projects/demoqa/target/test-classes/'.
It appears you did not register a data table type. The details are in the stacktrace below.
at cucumber.runtime.PickleStepDefinitionMatch.registerTypeInConfiguration(PickleStepDefinitionMatch.java:59)
at cucumber.runtime.PickleStepDefinitionMatch.runStep(PickleStepDefinitionMatch.java:42)
at cucumber.runner.TestStep.executeStep(TestStep.java:55)
at cucumber.runner.TestStep.run(TestStep.java:42)
at cucumber.runner.PickleStepTestStep.run(PickleStepTestStep.java:53)
at cucumber.runner.TestCase.run(TestCase.java:47)
at cucumber.runner.Runner.runPickle(Runner.java:44)
at cucumber.api.testng.TestNGCucumberRunner.runScenario(TestNGCucumberRunner.java:56)
at cucumber.api.testng.AbstractTestNGCucumberTests.runScenario(AbstractTestNGCucumberTests.java:22)
at sun.reflect.NativeMethodAccessorImpl.invoke0(Native Method)
at sun.reflect.NativeMethodAccessorImpl.invoke(NativeMethodAccessorImpl.java:62)
at sun.reflect.DelegatingMethodAccessorImpl.invoke(DelegatingMethodAccessorImpl.java:43)
at java.lang.reflect.Method.invoke(Method.java:498)
at org.testng.internal.MethodInvocationHelper.invokeMethod(MethodInvocationHelper.java:124)
at org.testng.internal.Invoker.invokeMethod(Invoker.java:583)
at org.testng.internal.Invoker.invokeTestMethod(Invoker.java:719)
at org.testng.internal.Invoker.invokeTestMethods(Invoker.java:989)
at org.testng.internal.TestMethodWorker.invokeTestMethods(TestMethodWorker.java:125)
at org.testng.internal.TestMethodWorker.run(TestMethodWorker.java:109)
at org.testng.TestRunner.privateRun(TestRunner.java:648)
at org.testng.TestRunner.run(TestRunner.java:505)
at org.testng.SuiteRunner.runTest(SuiteRunner.java:455)
at org.testng.SuiteRunner.runSequentially(SuiteRunner.java:450)
at org.testng.SuiteRunner.privateRun(SuiteRunner.java:415)
at org.testng.SuiteRunner.run(SuiteRunner.java:364)
at org.testng.SuiteRunnerWorker.runSuite(SuiteRunnerWorker.java:52)
at org.testng.SuiteRunnerWorker.run(SuiteRunnerWorker.java:84)
at org.testng.TestNG.runSuitesSequentially(TestNG.java:1208)
at org.testng.TestNG.runSuitesLocally(TestNG.java:1137)
at org.testng.TestNG.runSuites(TestNG.java:1049)
at org.testng.TestNG.run(TestNG.java:1017)
at org.testng.remote.AbstractRemoteTestNG.run(AbstractRemoteTestNG.java:114)
at org.testng.remote.RemoteTestNG.initAndRun(RemoteTestNG.java:251)
at org.testng.remote.RemoteTestNG.main(RemoteTestNG.java:77)
Caused by: io.cucumber.datatable.UndefinedDataTableTypeException: Can't convert DataTable to gherkin.ast.DataTable. Please register a DataTableType with a TableTransformer, TableEntryTransformer or TableRowTransformer for class gherkin.ast.DataTable
at io.cucumber.datatable.UndefinedDataTableTypeException.singletonNoConverterDefined(UndefinedDataTableTypeException.java:15)
at io.cucumber.datatable.DataTableTypeRegistryTableConverter.toSingleton(DataTableTypeRegistryTableConverter.java:106)
at io.cucumber.datatable.DataTableTypeRegistryTableConverter.convert(DataTableTypeRegistryTableConverter.java:75)
at io.cucumber.datatable.DataTable.convert(DataTable.java:336)
at io.cucumber.stepexpression.StepExpressionFactory$3.transform(StepExpressionFactory.java:72)
at io.cucumber.stepexpression.DataTableArgument.getValue(DataTableArgument.java:19)
at cucumber.runtime.PickleStepDefinitionMatch.runStep(PickleStepDefinitionMatch.java:39)
... 32 more
]]>
            </full-stacktrace>
          </exception> <!-- cucumber.runtime.CucumberException -->
          <reporter-output>
            <line>
              <![CDATA[<div "result">I navigate to the registration page (PASSED : 0s)</div>]]>
            </line>
            <line>
              <![CDATA[<div "result">I enter personal details: (FAILED : 0s)</div>]]>
            </line>
            <line>
              <![CDATA[<div "result">I click on Continue (SKIPPED)</div>]]>
            </line>
            <line>
              <![CDATA[<div "result">warning alert should be displayed (SKIPPED)</div>]]>
            </line>
            <line>
              <![CDATA[<div "result">I should not see &quot;Thank you for your registration&quot; (SKIPPED)</div>]]>
            </line>
          </reporter-output>
        </test-method> <!-- runScenario -->
        <test-method status="SKIP" signature="runScenario(cucumber.api.testng.PickleEventWrapper, cucumber.api.testng.CucumberFeatureWrapper)[pri:0, instance:com.app.runners.CukesRunner@7085bdee]" name="runScenario" duration-ms="237" started-at="2018-06-11T07:08:08Z" description="Runs Cucumber Scenarios" data-provider="scenarios" finished-at="2018-06-11T07:08:08Z">
          <params>
            <param index="0">
              <value>
                <![CDATA["Unable to register a user if one field was not filled"]]>
              </value>
            </param>
            <param index="1">
              <value>
                <![CDATA["User Registration"]]>
              </value>
            </param>
          </params>
          <exception class="cucumber.runtime.CucumberException">
            <message>
              <![CDATA[Could not convert arguments for step [I enter personal details:] defined at 'com.app.stepdefinitions.RegistrationStepDefs.i_enter_personal_details(DataTable) in file:/Users/busara/Desktop/Projects/demoqa/target/test-classes/'.
It appears you did not register a data table type. The details are in the stacktrace below.]]>
            </message>
            <full-stacktrace>
              <![CDATA[cucumber.runtime.CucumberException: Could not convert arguments for step [I enter personal details:] defined at 'com.app.stepdefinitions.RegistrationStepDefs.i_enter_personal_details(DataTable) in file:/Users/busara/Desktop/Projects/demoqa/target/test-classes/'.
It appears you did not register a data table type. The details are in the stacktrace below.
at cucumber.runtime.PickleStepDefinitionMatch.registerTypeInConfiguration(PickleStepDefinitionMatch.java:59)
at cucumber.runtime.PickleStepDefinitionMatch.runStep(PickleStepDefinitionMatch.java:42)
at cucumber.runner.TestStep.executeStep(TestStep.java:55)
at cucumber.runner.TestStep.run(TestStep.java:42)
at cucumber.runner.PickleStepTestStep.run(PickleStepTestStep.java:53)
at cucumber.runner.TestCase.run(TestCase.java:47)
at cucumber.runner.Runner.runPickle(Runner.java:44)
at cucumber.api.testng.TestNGCucumberRunner.runScenario(TestNGCucumberRunner.java:56)
at cucumber.api.testng.AbstractTestNGCucumberTests.runScenario(AbstractTestNGCucumberTests.java:22)
at sun.reflect.NativeMethodAccessorImpl.invoke0(Native Method)
at sun.reflect.NativeMethodAccessorImpl.invoke(NativeMethodAccessorImpl.java:62)
at sun.reflect.DelegatingMethodAccessorImpl.invoke(DelegatingMethodAccessorImpl.java:43)
at java.lang.reflect.Method.invoke(Method.java:498)
at org.testng.internal.MethodInvocationHelper.invokeMethod(MethodInvocationHelper.java:124)
at org.testng.internal.Invoker.invokeMethod(Invoker.java:583)
at org.testng.internal.Invoker.invokeTestMethod(Invoker.java:719)
at org.testng.internal.Invoker.invokeTestMethods(Invoker.java:989)
at org.testng.internal.TestMethodWorker.invokeTestMethods(TestMethodWorker.java:125)
at org.testng.internal.TestMethodWorker.run(TestMethodWorker.java:109)
at org.testng.TestRunner.privateRun(TestRunner.java:648)
at org.testng.TestRunner.run(TestRunner.java:505)
at org.testng.SuiteRunner.runTest(SuiteRunner.java:455)
at org.testng.SuiteRunner.runSequentially(SuiteRunner.java:450)
at org.testng.SuiteRunner.privateRun(SuiteRunner.java:415)
at org.testng.SuiteRunner.run(SuiteRunner.java:364)
at org.testng.SuiteRunnerWorker.runSuite(SuiteRunnerWorker.java:52)
at org.testng.SuiteRunnerWorker.run(SuiteRunnerWorker.java:84)
at org.testng.TestNG.runSuitesSequentially(TestNG.java:1208)
at org.testng.TestNG.runSuitesLocally(TestNG.java:1137)
at org.testng.TestNG.runSuites(TestNG.java:1049)
at org.testng.TestNG.run(TestNG.java:1017)
at org.testng.remote.AbstractRemoteTestNG.run(AbstractRemoteTestNG.java:114)
at org.testng.remote.RemoteTestNG.initAndRun(RemoteTestNG.java:251)
at org.testng.remote.RemoteTestNG.main(RemoteTestNG.java:77)
Caused by: io.cucumber.datatable.UndefinedDataTableTypeException: Can't convert DataTable to gherkin.ast.DataTable. Please register a DataTableType with a TableTransformer, TableEntryTransformer or TableRowTransformer for class gherkin.ast.DataTable
at io.cucumber.datatable.UndefinedDataTableTypeException.singletonNoConverterDefined(UndefinedDataTableTypeException.java:15)
at io.cucumber.datatable.DataTableTypeRegistryTableConverter.toSingleton(DataTableTypeRegistryTableConverter.java:106)
at io.cucumber.datatable.DataTableTypeRegistryTableConverter.convert(DataTableTypeRegistryTableConverter.java:75)
at io.cucumber.datatable.DataTable.convert(DataTable.java:336)
at io.cucumber.stepexpression.StepExpressionFactory$3.transform(StepExpressionFactory.java:72)
at io.cucumber.stepexpression.DataTableArgument.getValue(DataTableArgument.java:19)
at cucumber.runtime.PickleStepDefinitionMatch.runStep(PickleStepDefinitionMatch.java:39)
... 32 more
]]>
            </full-stacktrace>
          </exception> <!-- cucumber.runtime.CucumberException -->
          <reporter-output>
            <line>
              <![CDATA[<div "result">I navigate to the registration page (PASSED : 0s)</div>]]>
            </line>
            <line>
              <![CDATA[<div "result">I enter personal details: (FAILED : 0s)</div>]]>
            </line>
            <line>
              <![CDATA[<div "result">I click on Continue (SKIPPED)</div>]]>
            </line>
            <line>
              <![CDATA[<div "result">warning alert should be displayed (SKIPPED)</div>]]>
            </line>
            <line>
              <![CDATA[<div "result">I should not see &quot;Thank you for your registration&quot; (SKIPPED)</div>]]>
            </line>
          </reporter-output>
        </test-method> <!-- runScenario -->
        <test-method status="SKIP" signature="runScenario(cucumber.api.testng.PickleEventWrapper, cucumber.api.testng.CucumberFeatureWrapper)[pri:0, instance:com.app.runners.CukesRunner@7085bdee]" name="runScenario" duration-ms="227" started-at="2018-06-11T07:08:08Z" description="Runs Cucumber Scenarios" data-provider="scenarios" finished-at="2018-06-11T07:08:08Z">
          <params>
            <param index="0">
              <value>
                <![CDATA["Unable to register a user if one field was not filled"]]>
              </value>
            </param>
            <param index="1">
              <value>
                <![CDATA["User Registration"]]>
              </value>
            </param>
          </params>
          <exception class="cucumber.runtime.CucumberException">
            <message>
              <![CDATA[Could not convert arguments for step [I enter personal details:] defined at 'com.app.stepdefinitions.RegistrationStepDefs.i_enter_personal_details(DataTable) in file:/Users/busara/Desktop/Projects/demoqa/target/test-classes/'.
It appears you did not register a data table type. The details are in the stacktrace below.]]>
            </message>
            <full-stacktrace>
              <![CDATA[cucumber.runtime.CucumberException: Could not convert arguments for step [I enter personal details:] defined at 'com.app.stepdefinitions.RegistrationStepDefs.i_enter_personal_details(DataTable) in file:/Users/busara/Desktop/Projects/demoqa/target/test-classes/'.
It appears you did not register a data table type. The details are in the stacktrace below.
at cucumber.runtime.PickleStepDefinitionMatch.registerTypeInConfiguration(PickleStepDefinitionMatch.java:59)
at cucumber.runtime.PickleStepDefinitionMatch.runStep(PickleStepDefinitionMatch.java:42)
at cucumber.runner.TestStep.executeStep(TestStep.java:55)
at cucumber.runner.TestStep.run(TestStep.java:42)
at cucumber.runner.PickleStepTestStep.run(PickleStepTestStep.java:53)
at cucumber.runner.TestCase.run(TestCase.java:47)
at cucumber.runner.Runner.runPickle(Runner.java:44)
at cucumber.api.testng.TestNGCucumberRunner.runScenario(TestNGCucumberRunner.java:56)
at cucumber.api.testng.AbstractTestNGCucumberTests.runScenario(AbstractTestNGCucumberTests.java:22)
at sun.reflect.NativeMethodAccessorImpl.invoke0(Native Method)
at sun.reflect.NativeMethodAccessorImpl.invoke(NativeMethodAccessorImpl.java:62)
at sun.reflect.DelegatingMethodAccessorImpl.invoke(DelegatingMethodAccessorImpl.java:43)
at java.lang.reflect.Method.invoke(Method.java:498)
at org.testng.internal.MethodInvocationHelper.invokeMethod(MethodInvocationHelper.java:124)
at org.testng.internal.Invoker.invokeMethod(Invoker.java:583)
at org.testng.internal.Invoker.invokeTestMethod(Invoker.java:719)
at org.testng.internal.Invoker.invokeTestMethods(Invoker.java:989)
at org.testng.internal.TestMethodWorker.invokeTestMethods(TestMethodWorker.java:125)
at org.testng.internal.TestMethodWorker.run(TestMethodWorker.java:109)
at org.testng.TestRunner.privateRun(TestRunner.java:648)
at org.testng.TestRunner.run(TestRunner.java:505)
at org.testng.SuiteRunner.runTest(SuiteRunner.java:455)
at org.testng.SuiteRunner.runSequentially(SuiteRunner.java:450)
at org.testng.SuiteRunner.privateRun(SuiteRunner.java:415)
at org.testng.SuiteRunner.run(SuiteRunner.java:364)
at org.testng.SuiteRunnerWorker.runSuite(SuiteRunnerWorker.java:52)
at org.testng.SuiteRunnerWorker.run(SuiteRunnerWorker.java:84)
at org.testng.TestNG.runSuitesSequentially(TestNG.java:1208)
at org.testng.TestNG.runSuitesLocally(TestNG.java:1137)
at org.testng.TestNG.runSuites(TestNG.java:1049)
at org.testng.TestNG.run(TestNG.java:1017)
at org.testng.remote.AbstractRemoteTestNG.run(AbstractRemoteTestNG.java:114)
at org.testng.remote.RemoteTestNG.initAndRun(RemoteTestNG.java:251)
at org.testng.remote.RemoteTestNG.main(RemoteTestNG.java:77)
Caused by: io.cucumber.datatable.UndefinedDataTableTypeException: Can't convert DataTable to gherkin.ast.DataTable. Please register a DataTableType with a TableTransformer, TableEntryTransformer or TableRowTransformer for class gherkin.ast.DataTable
at io.cucumber.datatable.UndefinedDataTableTypeException.singletonNoConverterDefined(UndefinedDataTableTypeException.java:15)
at io.cucumber.datatable.DataTableTypeRegistryTableConverter.toSingleton(DataTableTypeRegistryTableConverter.java:106)
at io.cucumber.datatable.DataTableTypeRegistryTableConverter.convert(DataTableTypeRegistryTableConverter.java:75)
at io.cucumber.datatable.DataTable.convert(DataTable.java:336)
at io.cucumber.stepexpression.StepExpressionFactory$3.transform(StepExpressionFactory.java:72)
at io.cucumber.stepexpression.DataTableArgument.getValue(DataTableArgument.java:19)
at cucumber.runtime.PickleStepDefinitionMatch.runStep(PickleStepDefinitionMatch.java:39)
... 32 more
]]>
            </full-stacktrace>
          </exception> <!-- cucumber.runtime.CucumberException -->
          <reporter-output>
            <line>
              <![CDATA[<div "result">I navigate to the registration page (PASSED : 0s)</div>]]>
            </line>
            <line>
              <![CDATA[<div "result">I enter personal details: (FAILED : 0s)</div>]]>
            </line>
            <line>
              <![CDATA[<div "result">I click on Continue (SKIPPED)</div>]]>
            </line>
            <line>
              <![CDATA[<div "result">warning alert should be displayed (SKIPPED)</div>]]>
            </line>
            <line>
              <![CDATA[<div "result">I should not see &quot;Thank you for your registration&quot; (SKIPPED)</div>]]>
            </line>
          </reporter-output>
        </test-method> <!-- runScenario -->
        <test-method status="SKIP" signature="runScenario(cucumber.api.testng.PickleEventWrapper, cucumber.api.testng.CucumberFeatureWrapper)[pri:0, instance:com.app.runners.CukesRunner@7085bdee]" name="runScenario" duration-ms="281" started-at="2018-06-11T07:08:08Z" description="Runs Cucumber Scenarios" data-provider="scenarios" finished-at="2018-06-11T07:08:09Z">
          <params>
            <param index="0">
              <value>
                <![CDATA["Unable to register a user if one field was not filled"]]>
              </value>
            </param>
            <param index="1">
              <value>
                <![CDATA["User Registration"]]>
              </value>
            </param>
          </params>
          <exception class="cucumber.runtime.CucumberException">
            <message>
              <![CDATA[Could not convert arguments for step [I enter personal details:] defined at 'com.app.stepdefinitions.RegistrationStepDefs.i_enter_personal_details(DataTable) in file:/Users/busara/Desktop/Projects/demoqa/target/test-classes/'.
It appears you did not register a data table type. The details are in the stacktrace below.]]>
            </message>
            <full-stacktrace>
              <![CDATA[cucumber.runtime.CucumberException: Could not convert arguments for step [I enter personal details:] defined at 'com.app.stepdefinitions.RegistrationStepDefs.i_enter_personal_details(DataTable) in file:/Users/busara/Desktop/Projects/demoqa/target/test-classes/'.
It appears you did not register a data table type. The details are in the stacktrace below.
at cucumber.runtime.PickleStepDefinitionMatch.registerTypeInConfiguration(PickleStepDefinitionMatch.java:59)
at cucumber.runtime.PickleStepDefinitionMatch.runStep(PickleStepDefinitionMatch.java:42)
at cucumber.runner.TestStep.executeStep(TestStep.java:55)
at cucumber.runner.TestStep.run(TestStep.java:42)
at cucumber.runner.PickleStepTestStep.run(PickleStepTestStep.java:53)
at cucumber.runner.TestCase.run(TestCase.java:47)
at cucumber.runner.Runner.runPickle(Runner.java:44)
at cucumber.api.testng.TestNGCucumberRunner.runScenario(TestNGCucumberRunner.java:56)
at cucumber.api.testng.AbstractTestNGCucumberTests.runScenario(AbstractTestNGCucumberTests.java:22)
at sun.reflect.NativeMethodAccessorImpl.invoke0(Native Method)
at sun.reflect.NativeMethodAccessorImpl.invoke(NativeMethodAccessorImpl.java:62)
at sun.reflect.DelegatingMethodAccessorImpl.invoke(DelegatingMethodAccessorImpl.java:43)
at java.lang.reflect.Method.invoke(Method.java:498)
at org.testng.internal.MethodInvocationHelper.invokeMethod(MethodInvocationHelper.java:124)
at org.testng.internal.Invoker.invokeMethod(Invoker.java:583)
at org.testng.internal.Invoker.invokeTestMethod(Invoker.java:719)
at org.testng.internal.Invoker.invokeTestMethods(Invoker.java:989)
at org.testng.internal.TestMethodWorker.invokeTestMethods(TestMethodWorker.java:125)
at org.testng.internal.TestMethodWorker.run(TestMethodWorker.java:109)
at org.testng.TestRunner.privateRun(TestRunner.java:648)
at org.testng.TestRunner.run(TestRunner.java:505)
at org.testng.SuiteRunner.runTest(SuiteRunner.java:455)
at org.testng.SuiteRunner.runSequentially(SuiteRunner.java:450)
at org.testng.SuiteRunner.privateRun(SuiteRunner.java:415)
at org.testng.SuiteRunner.run(SuiteRunner.java:364)
at org.testng.SuiteRunnerWorker.runSuite(SuiteRunnerWorker.java:52)
at org.testng.SuiteRunnerWorker.run(SuiteRunnerWorker.java:84)
at org.testng.TestNG.runSuitesSequentially(TestNG.java:1208)
at org.testng.TestNG.runSuitesLocally(TestNG.java:1137)
at org.testng.TestNG.runSuites(TestNG.java:1049)
at org.testng.TestNG.run(TestNG.java:1017)
at org.testng.remote.AbstractRemoteTestNG.run(AbstractRemoteTestNG.java:114)
at org.testng.remote.RemoteTestNG.initAndRun(RemoteTestNG.java:251)
at org.testng.remote.RemoteTestNG.main(RemoteTestNG.java:77)
Caused by: io.cucumber.datatable.UndefinedDataTableTypeException: Can't convert DataTable to gherkin.ast.DataTable. Please register a DataTableType with a TableTransformer, TableEntryTransformer or TableRowTransformer for class gherkin.ast.DataTable
at io.cucumber.datatable.UndefinedDataTableTypeException.singletonNoConverterDefined(UndefinedDataTableTypeException.java:15)
at io.cucumber.datatable.DataTableTypeRegistryTableConverter.toSingleton(DataTableTypeRegistryTableConverter.java:106)
at io.cucumber.datatable.DataTableTypeRegistryTableConverter.convert(DataTableTypeRegistryTableConverter.java:75)
at io.cucumber.datatable.DataTable.convert(DataTable.java:336)
at io.cucumber.stepexpression.StepExpressionFactory$3.transform(StepExpressionFactory.java:72)
at io.cucumber.stepexpression.DataTableArgument.getValue(DataTableArgument.java:19)
at cucumber.runtime.PickleStepDefinitionMatch.runStep(PickleStepDefinitionMatch.java:39)
... 32 more
]]>
            </full-stacktrace>
          </exception> <!-- cucumber.runtime.CucumberException -->
          <reporter-output>
            <line>
              <![CDATA[<div "result">I navigate to the registration page (PASSED : 0s)</div>]]>
            </line>
            <line>
              <![CDATA[<div "result">I enter personal details: (FAILED : 0s)</div>]]>
            </line>
            <line>
              <![CDATA[<div "result">I click on Continue (SKIPPED)</div>]]>
            </line>
            <line>
              <![CDATA[<div "result">warning alert should be displayed (SKIPPED)</div>]]>
            </line>
            <line>
              <![CDATA[<div "result">I should not see &quot;Thank you for your registration&quot; (SKIPPED)</div>]]>
            </line>
          </reporter-output>
        </test-method> <!-- runScenario -->
        <test-method status="SKIP" signature="runScenario(cucumber.api.testng.PickleEventWrapper, cucumber.api.testng.CucumberFeatureWrapper)[pri:0, instance:com.app.runners.CukesRunner@7085bdee]" name="runScenario" duration-ms="267" started-at="2018-06-11T07:08:09Z" description="Runs Cucumber Scenarios" data-provider="scenarios" finished-at="2018-06-11T07:08:09Z">
          <params>
            <param index="0">
              <value>
                <![CDATA["Unable to register a user if one field was not filled"]]>
              </value>
            </param>
            <param index="1">
              <value>
                <![CDATA["User Registration"]]>
              </value>
            </param>
          </params>
          <exception class="cucumber.runtime.CucumberException">
            <message>
              <![CDATA[Could not convert arguments for step [I enter personal details:] defined at 'com.app.stepdefinitions.RegistrationStepDefs.i_enter_personal_details(DataTable) in file:/Users/busara/Desktop/Projects/demoqa/target/test-classes/'.
It appears you did not register a data table type. The details are in the stacktrace below.]]>
            </message>
            <full-stacktrace>
              <![CDATA[cucumber.runtime.CucumberException: Could not convert arguments for step [I enter personal details:] defined at 'com.app.stepdefinitions.RegistrationStepDefs.i_enter_personal_details(DataTable) in file:/Users/busara/Desktop/Projects/demoqa/target/test-classes/'.
It appears you did not register a data table type. The details are in the stacktrace below.
at cucumber.runtime.PickleStepDefinitionMatch.registerTypeInConfiguration(PickleStepDefinitionMatch.java:59)
at cucumber.runtime.PickleStepDefinitionMatch.runStep(PickleStepDefinitionMatch.java:42)
at cucumber.runner.TestStep.executeStep(TestStep.java:55)
at cucumber.runner.TestStep.run(TestStep.java:42)
at cucumber.runner.PickleStepTestStep.run(PickleStepTestStep.java:53)
at cucumber.runner.TestCase.run(TestCase.java:47)
at cucumber.runner.Runner.runPickle(Runner.java:44)
at cucumber.api.testng.TestNGCucumberRunner.runScenario(TestNGCucumberRunner.java:56)
at cucumber.api.testng.AbstractTestNGCucumberTests.runScenario(AbstractTestNGCucumberTests.java:22)
at sun.reflect.NativeMethodAccessorImpl.invoke0(Native Method)
at sun.reflect.NativeMethodAccessorImpl.invoke(NativeMethodAccessorImpl.java:62)
at sun.reflect.DelegatingMethodAccessorImpl.invoke(DelegatingMethodAccessorImpl.java:43)
at java.lang.reflect.Method.invoke(Method.java:498)
at org.testng.internal.MethodInvocationHelper.invokeMethod(MethodInvocationHelper.java:124)
at org.testng.internal.Invoker.invokeMethod(Invoker.java:583)
at org.testng.internal.Invoker.invokeTestMethod(Invoker.java:719)
at org.testng.internal.Invoker.invokeTestMethods(Invoker.java:989)
at org.testng.internal.TestMethodWorker.invokeTestMethods(TestMethodWorker.java:125)
at org.testng.internal.TestMethodWorker.run(TestMethodWorker.java:109)
at org.testng.TestRunner.privateRun(TestRunner.java:648)
at org.testng.TestRunner.run(TestRunner.java:505)
at org.testng.SuiteRunner.runTest(SuiteRunner.java:455)
at org.testng.SuiteRunner.runSequentially(SuiteRunner.java:450)
at org.testng.SuiteRunner.privateRun(SuiteRunner.java:415)
at org.testng.SuiteRunner.run(SuiteRunner.java:364)
at org.testng.SuiteRunnerWorker.runSuite(SuiteRunnerWorker.java:52)
at org.testng.SuiteRunnerWorker.run(SuiteRunnerWorker.java:84)
at org.testng.TestNG.runSuitesSequentially(TestNG.java:1208)
at org.testng.TestNG.runSuitesLocally(TestNG.java:1137)
at org.testng.TestNG.runSuites(TestNG.java:1049)
at org.testng.TestNG.run(TestNG.java:1017)
at org.testng.remote.AbstractRemoteTestNG.run(AbstractRemoteTestNG.java:114)
at org.testng.remote.RemoteTestNG.initAndRun(RemoteTestNG.java:251)
at org.testng.remote.RemoteTestNG.main(RemoteTestNG.java:77)
Caused by: io.cucumber.datatable.UndefinedDataTableTypeException: Can't convert DataTable to gherkin.ast.DataTable. Please register a DataTableType with a TableTransformer, TableEntryTransformer or TableRowTransformer for class gherkin.ast.DataTable
at io.cucumber.datatable.UndefinedDataTableTypeException.singletonNoConverterDefined(UndefinedDataTableTypeException.java:15)
at io.cucumber.datatable.DataTableTypeRegistryTableConverter.toSingleton(DataTableTypeRegistryTableConverter.java:106)
at io.cucumber.datatable.DataTableTypeRegistryTableConverter.convert(DataTableTypeRegistryTableConverter.java:75)
at io.cucumber.datatable.DataTable.convert(DataTable.java:336)
at io.cucumber.stepexpression.StepExpressionFactory$3.transform(StepExpressionFactory.java:72)
at io.cucumber.stepexpression.DataTableArgument.getValue(DataTableArgument.java:19)
at cucumber.runtime.PickleStepDefinitionMatch.runStep(PickleStepDefinitionMatch.java:39)
... 32 more
]]>
            </full-stacktrace>
          </exception> <!-- cucumber.runtime.CucumberException -->
          <reporter-output>
            <line>
              <![CDATA[<div "result">I navigate to the registration page (PASSED : 0s)</div>]]>
            </line>
            <line>
              <![CDATA[<div "result">I enter personal details: (FAILED : 0s)</div>]]>
            </line>
            <line>
              <![CDATA[<div "result">I click on Continue (SKIPPED)</div>]]>
            </line>
            <line>
              <![CDATA[<div "result">warning alert should be displayed (SKIPPED)</div>]]>
            </line>
            <line>
              <![CDATA[<div "result">I should not see &quot;Thank you for your registration&quot; (SKIPPED)</div>]]>
            </line>
          </reporter-output>
        </test-method> <!-- runScenario -->
        <test-method status="SKIP" signature="runScenario(cucumber.api.testng.PickleEventWrapper, cucumber.api.testng.CucumberFeatureWrapper)[pri:0, instance:com.app.runners.CukesRunner@7085bdee]" name="runScenario" duration-ms="218" started-at="2018-06-11T07:08:09Z" description="Runs Cucumber Scenarios" data-provider="scenarios" finished-at="2018-06-11T07:08:09Z">
          <params>
            <param index="0">
              <value>
                <![CDATA["Unable to register a user if one field was not filled"]]>
              </value>
            </param>
            <param index="1">
              <value>
                <![CDATA["User Registration"]]>
              </value>
            </param>
          </params>
          <exception class="cucumber.runtime.CucumberException">
            <message>
              <![CDATA[Could not convert arguments for step [I enter personal details:] defined at 'com.app.stepdefinitions.RegistrationStepDefs.i_enter_personal_details(DataTable) in file:/Users/busara/Desktop/Projects/demoqa/target/test-classes/'.
It appears you did not register a data table type. The details are in the stacktrace below.]]>
            </message>
            <full-stacktrace>
              <![CDATA[cucumber.runtime.CucumberException: Could not convert arguments for step [I enter personal details:] defined at 'com.app.stepdefinitions.RegistrationStepDefs.i_enter_personal_details(DataTable) in file:/Users/busara/Desktop/Projects/demoqa/target/test-classes/'.
It appears you did not register a data table type. The details are in the stacktrace below.
at cucumber.runtime.PickleStepDefinitionMatch.registerTypeInConfiguration(PickleStepDefinitionMatch.java:59)
at cucumber.runtime.PickleStepDefinitionMatch.runStep(PickleStepDefinitionMatch.java:42)
at cucumber.runner.TestStep.executeStep(TestStep.java:55)
at cucumber.runner.TestStep.run(TestStep.java:42)
at cucumber.runner.PickleStepTestStep.run(PickleStepTestStep.java:53)
at cucumber.runner.TestCase.run(TestCase.java:47)
at cucumber.runner.Runner.runPickle(Runner.java:44)
at cucumber.api.testng.TestNGCucumberRunner.runScenario(TestNGCucumberRunner.java:56)
at cucumber.api.testng.AbstractTestNGCucumberTests.runScenario(AbstractTestNGCucumberTests.java:22)
at sun.reflect.NativeMethodAccessorImpl.invoke0(Native Method)
at sun.reflect.NativeMethodAccessorImpl.invoke(NativeMethodAccessorImpl.java:62)
at sun.reflect.DelegatingMethodAccessorImpl.invoke(DelegatingMethodAccessorImpl.java:43)
at java.lang.reflect.Method.invoke(Method.java:498)
at org.testng.internal.MethodInvocationHelper.invokeMethod(MethodInvocationHelper.java:124)
at org.testng.internal.Invoker.invokeMethod(Invoker.java:583)
at org.testng.internal.Invoker.invokeTestMethod(Invoker.java:719)
at org.testng.internal.Invoker.invokeTestMethods(Invoker.java:989)
at org.testng.internal.TestMethodWorker.invokeTestMethods(TestMethodWorker.java:125)
at org.testng.internal.TestMethodWorker.run(TestMethodWorker.java:109)
at org.testng.TestRunner.privateRun(TestRunner.java:648)
at org.testng.TestRunner.run(TestRunner.java:505)
at org.testng.SuiteRunner.runTest(SuiteRunner.java:455)
at org.testng.SuiteRunner.runSequentially(SuiteRunner.java:450)
at org.testng.SuiteRunner.privateRun(SuiteRunner.java:415)
at org.testng.SuiteRunner.run(SuiteRunner.java:364)
at org.testng.SuiteRunnerWorker.runSuite(SuiteRunnerWorker.java:52)
at org.testng.SuiteRunnerWorker.run(SuiteRunnerWorker.java:84)
at org.testng.TestNG.runSuitesSequentially(TestNG.java:1208)
at org.testng.TestNG.runSuitesLocally(TestNG.java:1137)
at org.testng.TestNG.runSuites(TestNG.java:1049)
at org.testng.TestNG.run(TestNG.java:1017)
at org.testng.remote.AbstractRemoteTestNG.run(AbstractRemoteTestNG.java:114)
at org.testng.remote.RemoteTestNG.initAndRun(RemoteTestNG.java:251)
at org.testng.remote.RemoteTestNG.main(RemoteTestNG.java:77)
Caused by: io.cucumber.datatable.UndefinedDataTableTypeException: Can't convert DataTable to gherkin.ast.DataTable. Please register a DataTableType with a TableTransformer, TableEntryTransformer or TableRowTransformer for class gherkin.ast.DataTable
at io.cucumber.datatable.UndefinedDataTableTypeException.singletonNoConverterDefined(UndefinedDataTableTypeException.java:15)
at io.cucumber.datatable.DataTableTypeRegistryTableConverter.toSingleton(DataTableTypeRegistryTableConverter.java:106)
at io.cucumber.datatable.DataTableTypeRegistryTableConverter.convert(DataTableTypeRegistryTableConverter.java:75)
at io.cucumber.datatable.DataTable.convert(DataTable.java:336)
at io.cucumber.stepexpression.StepExpressionFactory$3.transform(StepExpressionFactory.java:72)
at io.cucumber.stepexpression.DataTableArgument.getValue(DataTableArgument.java:19)
at cucumber.runtime.PickleStepDefinitionMatch.runStep(PickleStepDefinitionMatch.java:39)
... 32 more
]]>
            </full-stacktrace>
          </exception> <!-- cucumber.runtime.CucumberException -->
          <reporter-output>
            <line>
              <![CDATA[<div "result">I navigate to the registration page (PASSED : 0s)</div>]]>
            </line>
            <line>
              <![CDATA[<div "result">I enter personal details: (FAILED : 0s)</div>]]>
            </line>
            <line>
              <![CDATA[<div "result">I click on Continue (SKIPPED)</div>]]>
            </line>
            <line>
              <![CDATA[<div "result">warning alert should be displayed (SKIPPED)</div>]]>
            </line>
            <line>
              <![CDATA[<div "result">I should not see &quot;Thank you for your registration&quot; (SKIPPED)</div>]]>
            </line>
          </reporter-output>
        </test-method> <!-- runScenario -->
        <test-method status="SKIP" signature="runScenario(cucumber.api.testng.PickleEventWrapper, cucumber.api.testng.CucumberFeatureWrapper)[pri:0, instance:com.app.runners.CukesRunner@7085bdee]" name="runScenario" duration-ms="114" started-at="2018-06-11T07:08:09Z" description="Runs Cucumber Scenarios" data-provider="scenarios" finished-at="2018-06-11T07:08:09Z">
          <params>
            <param index="0">
              <value>
                <![CDATA["Unable to register a user if one field was not filled"]]>
              </value>
            </param>
            <param index="1">
              <value>
                <![CDATA["User Registration"]]>
              </value>
            </param>
          </params>
          <exception class="org.openqa.selenium.WebDriverException">
            <message>
              <![CDATA[unknown error: cannot determine loading status
from disconnected: received Inspector.detached event
  (Session info: chrome=67.0.3396.79)
  (Driver info: chromedriver=2.40.565386 (45a059dc425e08165f9a10324bd1380cc13ca363),platform=Mac OS X 10.13.4 x86_64) (WARNING: The server did not provide any stacktrace information)
Command duration or timeout: 0 milliseconds
Build info: version: '3.12.0', revision: '7c6e0b3', time: '2018-05-08T14:04:26.12Z'
System info: host: 'Busaras-MacBook-Pro.local', ip: '2600:8806:300:8b70:21a1:ba63:3789:2b0d', os.name: 'Mac OS X', os.arch: 'x86_64', os.version: '10.13.4', java.version: '1.8.0_121'
Driver info: org.openqa.selenium.chrome.ChromeDriver
Capabilities {acceptInsecureCerts: false, acceptSslCerts: false, applicationCacheEnabled: false, browserConnectionEnabled: false, browserName: chrome, chrome: {chromedriverVersion: 2.40.565386 (45a059dc425e08..., userDataDir: /var/folders/8g/mjdxf7k575n...}, cssSelectorsEnabled: true, databaseEnabled: false, handlesAlerts: true, hasTouchScreen: false, javascriptEnabled: true, locationContextEnabled: true, mobileEmulationEnabled: false, nativeEvents: true, networkConnectionEnabled: false, pageLoadStrategy: normal, platform: MAC, platformName: MAC, rotatable: false, setWindowRect: true, takesHeapSnapshot: true, takesScreenshot: true, unexpectedAlertBehaviour: , unhandledPromptBehavior: , version: 67.0.3396.79, webStorageEnabled: true}
Session ID: b25740f4566071ad398a60b76678b8ba]]>
            </message>
            <full-stacktrace>
              <![CDATA[org.openqa.selenium.WebDriverException: unknown error: cannot determine loading status
from disconnected: received Inspector.detached event
  (Session info: chrome=67.0.3396.79)
  (Driver info: chromedriver=2.40.565386 (45a059dc425e08165f9a10324bd1380cc13ca363),platform=Mac OS X 10.13.4 x86_64) (WARNING: The server did not provide any stacktrace information)
Command duration or timeout: 0 milliseconds
Build info: version: '3.12.0', revision: '7c6e0b3', time: '2018-05-08T14:04:26.12Z'
System info: host: 'Busaras-MacBook-Pro.local', ip: '2600:8806:300:8b70:21a1:ba63:3789:2b0d', os.name: 'Mac OS X', os.arch: 'x86_64', os.version: '10.13.4', java.version: '1.8.0_121'
Driver info: org.openqa.selenium.chrome.ChromeDriver
Capabilities {acceptInsecureCerts: false, acceptSslCerts: false, applicationCacheEnabled: false, browserConnectionEnabled: false, browserName: chrome, chrome: {chromedriverVersion: 2.40.565386 (45a059dc425e08..., userDataDir: /var/folders/8g/mjdxf7k575n...}, cssSelectorsEnabled: true, databaseEnabled: false, handlesAlerts: true, hasTouchScreen: false, javascriptEnabled: true, locationContextEnabled: true, mobileEmulationEnabled: false, nativeEvents: true, networkConnectionEnabled: false, pageLoadStrategy: normal, platform: MAC, platformName: MAC, rotatable: false, setWindowRect: true, takesHeapSnapshot: true, takesScreenshot: true, unexpectedAlertBehaviour: , unhandledPromptBehavior: , version: 67.0.3396.79, webStorageEnabled: true}
Session ID: b25740f4566071ad398a60b76678b8ba
at sun.reflect.NativeConstructorAccessorImpl.newInstance0(Native Method)
at sun.reflect.NativeConstructorAccessorImpl.newInstance(NativeConstructorAccessorImpl.java:62)
at sun.reflect.DelegatingConstructorAccessorImpl.newInstance(DelegatingConstructorAccessorImpl.java:45)
at java.lang.reflect.Constructor.newInstance(Constructor.java:423)
at org.openqa.selenium.remote.ErrorHandler.createThrowable(ErrorHandler.java:214)
at org.openqa.selenium.remote.ErrorHandler.throwIfResponseFailed(ErrorHandler.java:166)
at org.openqa.selenium.remote.http.JsonHttpResponseCodec.reconstructValue(JsonHttpResponseCodec.java:40)
at org.openqa.selenium.remote.http.AbstractHttpResponseCodec.decode(AbstractHttpResponseCodec.java:80)
at org.openqa.selenium.remote.http.AbstractHttpResponseCodec.decode(AbstractHttpResponseCodec.java:44)
at org.openqa.selenium.remote.HttpCommandExecutor.execute(HttpCommandExecutor.java:158)
at org.openqa.selenium.remote.service.DriverCommandExecutor.execute(DriverCommandExecutor.java:83)
at org.openqa.selenium.remote.RemoteWebDriver.execute(RemoteWebDriver.java:543)
at org.openqa.selenium.remote.RemoteWebDriver.get(RemoteWebDriver.java:271)
at com.app.stepdefinitions.RegistrationStepDefs.i_navigate_to_the_registration_page(RegistrationStepDefs.java:23)
at ✽.I navigate to the registration page(src/test/resources/com/app/features/UserInterfaceTests.feature:51)
]]>
            </full-stacktrace>
          </exception> <!-- org.openqa.selenium.WebDriverException -->
          <reporter-output>
            <line>
              <![CDATA[<div "result">I navigate to the registration page (FAILED : 0s)</div>]]>
            </line>
            <line>
              <![CDATA[<div "result">I enter personal details: (SKIPPED)</div>]]>
            </line>
            <line>
              <![CDATA[<div "result">I click on Continue (SKIPPED)</div>]]>
            </line>
            <line>
              <![CDATA[<div "result">warning alert should be displayed (SKIPPED)</div>]]>
            </line>
            <line>
              <![CDATA[<div "result">I should not see &quot;Thank you for your registration&quot; (SKIPPED)</div>]]>
            </line>
          </reporter-output>
        </test-method> <!-- runScenario -->
        <test-method status="PASS" signature="tearDownClass()[pri:0, instance:com.app.runners.CukesRunner@7085bdee]" name="tearDownClass" is-config="true" duration-ms="62" started-at="2018-06-11T07:08:09Z" finished-at="2018-06-11T07:08:09Z">
          <reporter-output>
          </reporter-output>
        </test-method> <!-- tearDownClass -->
      </class> <!-- com.app.runners.CukesRunner -->
    </test> <!-- Default test -->
  </suite> <!-- Default suite -->
</testng-results>
